2016-10-17 09:21:47 Debug: command 'bake' in plugin 'Bake' was not aliased, conflicts with 'Bake'
2016-10-17 09:21:47 Debug: command 'benchmark' in plugin 'DebugKit' was not aliased, conflicts with 'DebugKit'
2016-10-17 09:21:47 Debug: command 'whitespace' in plugin 'DebugKit' was not aliased, conflicts with 'DebugKit'
2016-10-17 09:21:47 Debug: command 'migrations' in plugin 'Migrations' was not aliased, conflicts with 'Migrations'
2016-10-17 09:21:47 Debug: command 'admin' in plugin 'Wpadmin' was not aliased, conflicts with 'Wpadmin'
2016-10-17 09:23:21 Debug: command 'bake' in plugin 'Bake' was not aliased, conflicts with 'Bake'
2016-10-17 09:23:21 Debug: command 'benchmark' in plugin 'DebugKit' was not aliased, conflicts with 'DebugKit'
2016-10-17 09:23:21 Debug: command 'whitespace' in plugin 'DebugKit' was not aliased, conflicts with 'DebugKit'
2016-10-17 09:23:21 Debug: command 'migrations' in plugin 'Migrations' was not aliased, conflicts with 'Migrations'
2016-10-17 09:23:21 Debug: command 'admin' in plugin 'Wpadmin' was not aliased, conflicts with 'Wpadmin'
2016-10-17 09:23:22 Debug: command 'bake' in plugin 'Bake' was not aliased, conflicts with 'Bake'
2016-10-17 09:23:22 Debug: command 'benchmark' in plugin 'DebugKit' was not aliased, conflicts with 'DebugKit'
2016-10-17 09:23:22 Debug: command 'whitespace' in plugin 'DebugKit' was not aliased, conflicts with 'DebugKit'
2016-10-17 09:23:22 Debug: command 'migrations' in plugin 'Migrations' was not aliased, conflicts with 'Migrations'
2016-10-17 09:23:22 Debug: command 'admin' in plugin 'Wpadmin' was not aliased, conflicts with 'Wpadmin'
2016-10-17 10:09:10 Debug: command 'bake' in plugin 'Bake' was not aliased, conflicts with 'Bake'
2016-10-17 10:09:10 Debug: command 'benchmark' in plugin 'DebugKit' was not aliased, conflicts with 'DebugKit'
2016-10-17 10:09:10 Debug: command 'whitespace' in plugin 'DebugKit' was not aliased, conflicts with 'DebugKit'
2016-10-17 10:09:10 Debug: command 'migrations' in plugin 'Migrations' was not aliased, conflicts with 'Migrations'
2016-10-17 10:09:10 Debug: command 'admin' in plugin 'Wpadmin' was not aliased, conflicts with 'Wpadmin'
2016-10-17 10:09:10 Debug: command 'bake' in plugin 'Bake' was not aliased, conflicts with 'Bake'
2016-10-17 10:09:10 Debug: command 'benchmark' in plugin 'DebugKit' was not aliased, conflicts with 'DebugKit'
2016-10-17 10:09:10 Debug: command 'whitespace' in plugin 'DebugKit' was not aliased, conflicts with 'DebugKit'
2016-10-17 10:09:10 Debug: command 'migrations' in plugin 'Migrations' was not aliased, conflicts with 'Migrations'
2016-10-17 10:09:10 Debug: command 'admin' in plugin 'Wpadmin' was not aliased, conflicts with 'Wpadmin'
2016-10-18 02:06:01 Notice: Notice (8): Undefined variable: prefix_str in [F:\www\meiyue\tmp\bake\add-ctp.php, line 48]
Trace:
Cake\Error\BaseErrorHandler::handleError() - CORE\src\Error\BaseErrorHandler.php, line 146
include - ROOT\tmp\bake\add-ctp.php, line 48
Bake\View\BakeView::_evaluate() - ROOT\vendor\cakephp\bake\src\View\BakeView.php, line 200
Cake\View\View::_render() - CORE\src\View\View.php, line 971
Bake\View\BakeView::render() - ROOT\vendor\cakephp\bake\src\View\BakeView.php, line 136
Bake\Shell\Task\BakeTemplateTask::generate() - ROOT\vendor\cakephp\bake\src\Shell\Task\BakeTemplateTask.php, line 89
Bake\Shell\Task\TemplateTask::getContent() - ROOT\vendor\cakephp\bake\src\Shell\Task\TemplateTask.php, line 426
Bake\Shell\Task\TemplateTask::main() - ROOT\vendor\cakephp\bake\src\Shell\Task\TemplateTask.php, line 152
Cake\Console\Shell::runCommand() - CORE\src\Console\Shell.php, line 466
Cake\Console\Shell::runCommand() - CORE\src\Console\Shell.php, line 459
Cake\Console\ShellDispatcher::_dispatch() - CORE\src\Console\ShellDispatcher.php, line 227
Cake\Console\ShellDispatcher::dispatch() - CORE\src\Console\ShellDispatcher.php, line 182
Cake\Console\ShellDispatcher::run() - CORE\src\Console\ShellDispatcher.php, line 128
[main] - ROOT\bin\cake.php, line 34



2016-10-20 14:35:37 Debug: duration=4 rows=12 SHOW FULL COLUMNS FROM `lm_actionlog`
2016-10-20 14:35:37 Debug: duration=1 rows=1 SHOW INDEXES FROM `lm_actionlog`
2016-10-20 14:35:37 Debug: duration=5 rows=0 SELECT * FROM information_schema.key_column_usage AS kcu
            INNER JOIN information_schema.referential_constraints AS rc
            ON (
                kcu.CONSTRAINT_NAME = rc.CONSTRAINT_NAME
                AND kcu.CONSTRAINT_SCHEMA = rc.CONSTRAINT_SCHEMA
            )
            WHERE kcu.TABLE_SCHEMA = 'meiyue' AND kcu.TABLE_NAME = 'lm_actionlog' AND rc.TABLE_NAME = 'lm_actionlog'
2016-10-20 14:35:37 Debug: duration=1 rows=1 SHOW TABLE STATUS WHERE Name = 'lm_actionlog'
2016-10-20 14:35:37 Debug: duration=10 rows=9 SHOW FULL COLUMNS FROM `lm_menu`
2016-10-20 14:35:37 Debug: duration=0 rows=1 SHOW INDEXES FROM `lm_menu`
2016-10-20 14:35:37 Debug: duration=5 rows=0 SELECT * FROM information_schema.key_column_usage AS kcu
            INNER JOIN information_schema.referential_constraints AS rc
            ON (
                kcu.CONSTRAINT_NAME = rc.CONSTRAINT_NAME
                AND kcu.CONSTRAINT_SCHEMA = rc.CONSTRAINT_SCHEMA
            )
            WHERE kcu.TABLE_SCHEMA = 'meiyue' AND kcu.TABLE_NAME = 'lm_menu' AND rc.TABLE_NAME = 'lm_menu'
2016-10-20 14:35:37 Debug: duration=1 rows=1 SHOW TABLE STATUS WHERE Name = 'lm_menu'
2016-10-20 14:35:37 Debug: duration=0 rows=0 SELECT Menu.id AS `Menu__id`, Menu.name AS `Menu__name`, Menu.node AS `Menu__node`, Menu.pid AS `Menu__pid`, Menu.class AS `Menu__class`, Menu.rank AS `Menu__rank`, Menu.is_menu AS `Menu__is_menu`, Menu.status AS `Menu__status`, Menu.remark AS `Menu__remark` FROM lm_menu Menu WHERE `node` = '/actionlog/index' LIMIT 1
2016-10-20 14:35:37 Debug: duration=0 rows=0 BEGIN
2016-10-20 14:35:37 Debug: duration=8 rows=1 INSERT INTO lm_menu (name, node, pid, is_menu) VALUES ('actionlog管理', '/actionlog/index', 1, 1)
2016-10-20 14:35:37 Debug: duration=0 rows=0 COMMIT
2016-10-20 14:38:00 Debug: duration=4 rows=12 SHOW FULL COLUMNS FROM `lm_actionlog`
2016-10-20 14:38:00 Debug: duration=0 rows=1 SHOW INDEXES FROM `lm_actionlog`
2016-10-20 14:38:00 Debug: duration=6 rows=0 SELECT * FROM information_schema.key_column_usage AS kcu
            INNER JOIN information_schema.referential_constraints AS rc
            ON (
                kcu.CONSTRAINT_NAME = rc.CONSTRAINT_NAME
                AND kcu.CONSTRAINT_SCHEMA = rc.CONSTRAINT_SCHEMA
            )
            WHERE kcu.TABLE_SCHEMA = 'meiyue' AND kcu.TABLE_NAME = 'lm_actionlog' AND rc.TABLE_NAME = 'lm_actionlog'
2016-10-20 14:38:00 Debug: duration=1 rows=1 SHOW TABLE STATUS WHERE Name = 'lm_actionlog'
2016-10-20 14:52:16 Debug: duration=4 rows=12 SHOW FULL COLUMNS FROM `lm_actionlog`
2016-10-20 14:52:16 Debug: duration=0 rows=1 SHOW INDEXES FROM `lm_actionlog`
2016-10-20 14:52:16 Debug: duration=4 rows=0 SELECT * FROM information_schema.key_column_usage AS kcu
            INNER JOIN information_schema.referential_constraints AS rc
            ON (
                kcu.CONSTRAINT_NAME = rc.CONSTRAINT_NAME
                AND kcu.CONSTRAINT_SCHEMA = rc.CONSTRAINT_SCHEMA
            )
            WHERE kcu.TABLE_SCHEMA = 'meiyue' AND kcu.TABLE_NAME = 'lm_actionlog' AND rc.TABLE_NAME = 'lm_actionlog'
2016-10-20 14:52:16 Debug: duration=1 rows=1 SHOW TABLE STATUS WHERE Name = 'lm_actionlog'
2016-10-20 14:52:16 Debug: duration=3 rows=9 SHOW FULL COLUMNS FROM `lm_menu`
2016-10-20 14:52:16 Debug: duration=0 rows=1 SHOW INDEXES FROM `lm_menu`
2016-10-20 14:52:17 Debug: duration=4 rows=0 SELECT * FROM information_schema.key_column_usage AS kcu
            INNER JOIN information_schema.referential_constraints AS rc
            ON (
                kcu.CONSTRAINT_NAME = rc.CONSTRAINT_NAME
                AND kcu.CONSTRAINT_SCHEMA = rc.CONSTRAINT_SCHEMA
            )
            WHERE kcu.TABLE_SCHEMA = 'meiyue' AND kcu.TABLE_NAME = 'lm_menu' AND rc.TABLE_NAME = 'lm_menu'
2016-10-20 14:52:17 Debug: duration=1 rows=1 SHOW TABLE STATUS WHERE Name = 'lm_menu'
2016-10-20 14:52:17 Debug: duration=0 rows=1 SELECT Menu.id AS `Menu__id`, Menu.name AS `Menu__name`, Menu.node AS `Menu__node`, Menu.pid AS `Menu__pid`, Menu.class AS `Menu__class`, Menu.rank AS `Menu__rank`, Menu.is_menu AS `Menu__is_menu`, Menu.status AS `Menu__status`, Menu.remark AS `Menu__remark` FROM lm_menu Menu WHERE `node` = '/actionlog/index' LIMIT 1
2016-10-23 11:54:28 Debug: duration=1 rows=10 SHOW TABLES FROM `meiyue`
2016-10-23 11:54:28 Debug: duration=4 rows=5 SHOW FULL COLUMNS FROM `lm_smsmsg`
2016-10-23 11:54:28 Debug: duration=0 rows=1 SHOW INDEXES FROM `lm_smsmsg`
2016-10-23 11:54:28 Debug: duration=189 rows=0 SELECT * FROM information_schema.key_column_usage AS kcu
            INNER JOIN information_schema.referential_constraints AS rc
            ON (
                kcu.CONSTRAINT_NAME = rc.CONSTRAINT_NAME
                AND kcu.CONSTRAINT_SCHEMA = rc.CONSTRAINT_SCHEMA
            )
            WHERE kcu.TABLE_SCHEMA = 'meiyue' AND kcu.TABLE_NAME = 'lm_smsmsg' AND rc.TABLE_NAME = 'lm_smsmsg'
2016-10-23 11:54:28 Debug: duration=1 rows=1 SHOW TABLE STATUS WHERE Name = 'lm_smsmsg'
2016-10-23 11:54:28 Debug: duration=4 rows=12 SHOW FULL COLUMNS FROM `lm_actionlog`
2016-10-23 11:54:28 Debug: duration=1 rows=1 SHOW INDEXES FROM `lm_actionlog`
2016-10-23 11:54:28 Debug: duration=4 rows=0 SELECT * FROM information_schema.key_column_usage AS kcu
            INNER JOIN information_schema.referential_constraints AS rc
            ON (
                kcu.CONSTRAINT_NAME = rc.CONSTRAINT_NAME
                AND kcu.CONSTRAINT_SCHEMA = rc.CONSTRAINT_SCHEMA
            )
            WHERE kcu.TABLE_SCHEMA = 'meiyue' AND kcu.TABLE_NAME = 'lm_actionlog' AND rc.TABLE_NAME = 'lm_actionlog'
2016-10-23 11:54:28 Debug: duration=1 rows=1 SHOW TABLE STATUS WHERE Name = 'lm_actionlog'
2016-10-23 11:54:28 Debug: duration=3 rows=8 SHOW FULL COLUMNS FROM `lm_admin`
2016-10-23 11:54:28 Debug: duration=0 rows=2 SHOW INDEXES FROM `lm_admin`
2016-10-23 11:54:28 Debug: duration=4 rows=0 SELECT * FROM information_schema.key_column_usage AS kcu
            INNER JOIN information_schema.referential_constraints AS rc
            ON (
                kcu.CONSTRAINT_NAME = rc.CONSTRAINT_NAME
                AND kcu.CONSTRAINT_SCHEMA = rc.CONSTRAINT_SCHEMA
            )
            WHERE kcu.TABLE_SCHEMA = 'meiyue' AND kcu.TABLE_NAME = 'lm_admin' AND rc.TABLE_NAME = 'lm_admin'
2016-10-23 11:54:28 Debug: duration=1 rows=1 SHOW TABLE STATUS WHERE Name = 'lm_admin'
2016-10-23 11:54:28 Debug: duration=3 rows=3 SHOW FULL COLUMNS FROM `lm_admin_group`
2016-10-23 11:54:28 Debug: duration=0 rows=3 SHOW INDEXES FROM `lm_admin_group`
2016-10-23 11:54:28 Debug: duration=4 rows=0 SELECT * FROM information_schema.key_column_usage AS kcu
            INNER JOIN information_schema.referential_constraints AS rc
            ON (
                kcu.CONSTRAINT_NAME = rc.CONSTRAINT_NAME
                AND kcu.CONSTRAINT_SCHEMA = rc.CONSTRAINT_SCHEMA
            )
            WHERE kcu.TABLE_SCHEMA = 'meiyue' AND kcu.TABLE_NAME = 'lm_admin_group' AND rc.TABLE_NAME = 'lm_admin_group'
2016-10-23 11:54:28 Debug: duration=1 rows=1 SHOW TABLE STATUS WHERE Name = 'lm_admin_group'
2016-10-23 11:54:28 Debug: duration=3 rows=5 SHOW FULL COLUMNS FROM `lm_group`
2016-10-23 11:54:28 Debug: duration=0 rows=2 SHOW INDEXES FROM `lm_group`
2016-10-23 11:54:28 Debug: duration=4 rows=0 SELECT * FROM information_schema.key_column_usage AS kcu
            INNER JOIN information_schema.referential_constraints AS rc
            ON (
                kcu.CONSTRAINT_NAME = rc.CONSTRAINT_NAME
                AND kcu.CONSTRAINT_SCHEMA = rc.CONSTRAINT_SCHEMA
            )
            WHERE kcu.TABLE_SCHEMA = 'meiyue' AND kcu.TABLE_NAME = 'lm_group' AND rc.TABLE_NAME = 'lm_group'
2016-10-23 11:54:28 Debug: duration=1 rows=1 SHOW TABLE STATUS WHERE Name = 'lm_group'
2016-10-23 11:54:28 Debug: duration=3 rows=3 SHOW FULL COLUMNS FROM `lm_group_menu`
2016-10-23 11:54:28 Debug: duration=0 rows=3 SHOW INDEXES FROM `lm_group_menu`
2016-10-23 11:54:28 Debug: duration=4 rows=0 SELECT * FROM information_schema.key_column_usage AS kcu
            INNER JOIN information_schema.referential_constraints AS rc
            ON (
                kcu.CONSTRAINT_NAME = rc.CONSTRAINT_NAME
                AND kcu.CONSTRAINT_SCHEMA = rc.CONSTRAINT_SCHEMA
            )
            WHERE kcu.TABLE_SCHEMA = 'meiyue' AND kcu.TABLE_NAME = 'lm_group_menu' AND rc.TABLE_NAME = 'lm_group_menu'
2016-10-23 11:54:28 Debug: duration=1 rows=1 SHOW TABLE STATUS WHERE Name = 'lm_group_menu'
2016-10-23 11:54:28 Debug: duration=3 rows=9 SHOW FULL COLUMNS FROM `lm_menu`
2016-10-23 11:54:28 Debug: duration=0 rows=1 SHOW INDEXES FROM `lm_menu`
2016-10-23 11:54:28 Debug: duration=4 rows=0 SELECT * FROM information_schema.key_column_usage AS kcu
            INNER JOIN information_schema.referential_constraints AS rc
            ON (
                kcu.CONSTRAINT_NAME = rc.CONSTRAINT_NAME
                AND kcu.CONSTRAINT_SCHEMA = rc.CONSTRAINT_SCHEMA
            )
            WHERE kcu.TABLE_SCHEMA = 'meiyue' AND kcu.TABLE_NAME = 'lm_menu' AND rc.TABLE_NAME = 'lm_menu'
2016-10-23 11:54:28 Debug: duration=1 rows=1 SHOW TABLE STATUS WHERE Name = 'lm_menu'
2016-10-23 11:54:28 Debug: duration=3 rows=5 SHOW FULL COLUMNS FROM `lm_smsmsg`
2016-10-23 11:54:28 Debug: duration=0 rows=1 SHOW INDEXES FROM `lm_smsmsg`
2016-10-23 11:54:28 Debug: duration=4 rows=0 SELECT * FROM information_schema.key_column_usage AS kcu
            INNER JOIN information_schema.referential_constraints AS rc
            ON (
                kcu.CONSTRAINT_NAME = rc.CONSTRAINT_NAME
                AND kcu.CONSTRAINT_SCHEMA = rc.CONSTRAINT_SCHEMA
            )
            WHERE kcu.TABLE_SCHEMA = 'meiyue' AND kcu.TABLE_NAME = 'lm_smsmsg' AND rc.TABLE_NAME = 'lm_smsmsg'
2016-10-23 11:54:28 Debug: duration=1 rows=1 SHOW TABLE STATUS WHERE Name = 'lm_smsmsg'
2016-10-23 11:54:28 Debug: duration=3 rows=22 SHOW FULL COLUMNS FROM `lm_user`
2016-10-23 11:54:28 Debug: duration=0 rows=1 SHOW INDEXES FROM `lm_user`
2016-10-23 11:54:29 Debug: duration=497 rows=0 SELECT * FROM information_schema.key_column_usage AS kcu
            INNER JOIN information_schema.referential_constraints AS rc
            ON (
                kcu.CONSTRAINT_NAME = rc.CONSTRAINT_NAME
                AND kcu.CONSTRAINT_SCHEMA = rc.CONSTRAINT_SCHEMA
            )
            WHERE kcu.TABLE_SCHEMA = 'meiyue' AND kcu.TABLE_NAME = 'lm_user' AND rc.TABLE_NAME = 'lm_user'
2016-10-23 11:54:29 Debug: duration=1 rows=1 SHOW TABLE STATUS WHERE Name = 'lm_user'
2016-10-23 11:54:29 Debug: duration=4 rows=4 SHOW FULL COLUMNS FROM `phinxlog`
2016-10-23 11:54:29 Debug: duration=0 rows=1 SHOW INDEXES FROM `phinxlog`
2016-10-23 11:54:29 Debug: duration=258 rows=0 SELECT * FROM information_schema.key_column_usage AS kcu
            INNER JOIN information_schema.referential_constraints AS rc
            ON (
                kcu.CONSTRAINT_NAME = rc.CONSTRAINT_NAME
                AND kcu.CONSTRAINT_SCHEMA = rc.CONSTRAINT_SCHEMA
            )
            WHERE kcu.TABLE_SCHEMA = 'meiyue' AND kcu.TABLE_NAME = 'phinxlog' AND rc.TABLE_NAME = 'phinxlog'
2016-10-23 11:54:29 Debug: duration=1 rows=1 SHOW TABLE STATUS WHERE Name = 'phinxlog'
2016-10-23 11:54:29 Debug: duration=4 rows=4 SHOW FULL COLUMNS FROM `wpadmin_phinxlog`
2016-10-23 11:54:29 Debug: duration=0 rows=1 SHOW INDEXES FROM `wpadmin_phinxlog`
2016-10-23 11:54:29 Debug: duration=331 rows=0 SELECT * FROM information_schema.key_column_usage AS kcu
            INNER JOIN information_schema.referential_constraints AS rc
            ON (
                kcu.CONSTRAINT_NAME = rc.CONSTRAINT_NAME
                AND kcu.CONSTRAINT_SCHEMA = rc.CONSTRAINT_SCHEMA
            )
            WHERE kcu.TABLE_SCHEMA = 'meiyue' AND kcu.TABLE_NAME = 'wpadmin_phinxlog' AND rc.TABLE_NAME = 'wpadmin_phinxlog'
2016-10-23 11:54:29 Debug: duration=1 rows=1 SHOW TABLE STATUS WHERE Name = 'wpadmin_phinxlog'
2016-10-23 11:54:29 Debug: duration=4 rows=5 SHOW FULL COLUMNS FROM `lm_smsmsg`
2016-10-23 11:54:29 Debug: duration=1 rows=1 SHOW INDEXES FROM `lm_smsmsg`
2016-10-23 11:54:29 Debug: duration=5 rows=0 SELECT * FROM information_schema.key_column_usage AS kcu
            INNER JOIN information_schema.referential_constraints AS rc
            ON (
                kcu.CONSTRAINT_NAME = rc.CONSTRAINT_NAME
                AND kcu.CONSTRAINT_SCHEMA = rc.CONSTRAINT_SCHEMA
            )
            WHERE kcu.TABLE_SCHEMA = 'meiyue' AND kcu.TABLE_NAME = 'lm_smsmsg' AND rc.TABLE_NAME = 'lm_smsmsg'
2016-10-23 11:54:29 Debug: duration=1 rows=1 SHOW TABLE STATUS WHERE Name = 'lm_smsmsg'
