2016-10-18 01:56:33 Error: [Cake\Database\Exception] SQLSTATE[42S02]: Base table or view not found: 1146 Table 'meiyue.menu' doesn't exist
Stack Trace:
#0 F:\www\meiyue\vendor\cakephp\cakephp\src\Database\Schema\Collection.php(97): Cake\Database\Schema\Collection->_reflect('Column', 'menu', Array, Object(Cake\Database\Schema\Table))
#1 F:\www\meiyue\vendor\cakephp\cakephp\src\Database\Schema\CachedCollection.php(63): Cake\Database\Schema\Collection->describe('menu', Array)
#2 F:\www\meiyue\vendor\cakephp\cakephp\src\ORM\Table.php(440): Cake\Database\Schema\CachedCollection->describe('menu')
#3 F:\www\meiyue\vendor\cakephp\cakephp\src\ORM\Query.php(211): Cake\ORM\Table->schema()
#4 F:\www\meiyue\vendor\cakephp\cakephp\src\ORM\Query.php(168): Cake\ORM\Query->addDefaultTypes(Object(Cake\ORM\Table))
#5 F:\www\meiyue\vendor\cakephp\cakephp\src\ORM\Table.php(1336): Cake\ORM\Query->__construct(Object(Cake\Database\Connection), Object(Cake\ORM\Table))
#6 F:\www\meiyue\vendor\cakephp\cakephp\src\ORM\Table.php(964): Cake\ORM\Table->query()
#7 F:\www\meiyue\plugins\Wpadmin\config\bootstrap.php(40): Cake\ORM\Table->find()
#8 F:\www\meiyue\vendor\cakephp\cakephp\src\Event\EventManager.php(424): Cake\Core\Plugin::{closure}(Object(Cake\Event\Event), 'F:\\www\\meiyue/p...')
#9 F:\www\meiyue\vendor\cakephp\cakephp\src\Event\EventManager.php(391): Cake\Event\EventManager->_callListener(Object(Closure), Object(Cake\Event\Event))
#10 F:\www\meiyue\vendor\cakephp\cakephp\src\Event\EventDispatcherTrait.php(78): Cake\Event\EventManager->dispatch(Object(Cake\Event\Event))
#11 F:\www\meiyue\vendor\cakephp\bake\src\View\BakeView.php(168): Cake\View\View->dispatchEvent('Bake.afterRende...', Array, NULL)
#12 F:\www\meiyue\vendor\cakephp\bake\src\View\BakeView.php(138): Bake\View\BakeView->dispatchEvent('View.afterRende...', Array)
#13 F:\www\meiyue\vendor\cakephp\bake\src\Shell\Task\BakeTemplateTask.php(89): Bake\View\BakeView->render('Controller/cont...')
#14 F:\www\meiyue\vendor\cakephp\bake\src\Shell\Task\ControllerTask.php(179): Bake\Shell\Task\BakeTemplateTask->generate('Controller/cont...')
#15 F:\www\meiyue\vendor\cakephp\bake\src\Shell\Task\ControllerTask.php(151): Bake\Shell\Task\ControllerTask->bakeController('User', Array)
#16 F:\www\meiyue\vendor\cakephp\bake\src\Shell\Task\ControllerTask.php(66): Bake\Shell\Task\ControllerTask->bake('User')
#17 [internal function]: Bake\Shell\Task\ControllerTask->main('user')
#18 F:\www\meiyue\vendor\cakephp\cakephp\src\Console\Shell.php(466): call_user_func_array(Array, Array)
#19 F:\www\meiyue\vendor\cakephp\cakephp\src\Console\Shell.php(459): Cake\Console\Shell->runCommand(Array, false, Array)
#20 F:\www\meiyue\vendor\cakephp\cakephp\src\Console\ShellDispatcher.php(227): Cake\Console\Shell->runCommand(Array, true, Array)
#21 F:\www\meiyue\vendor\cakephp\cakephp\src\Console\ShellDispatcher.php(182): Cake\Console\ShellDispatcher->_dispatch(Array)
#22 F:\www\meiyue\vendor\cakephp\cakephp\src\Console\ShellDispatcher.php(128): Cake\Console\ShellDispatcher->dispatch(Array)
#23 F:\www\meiyue\bin\cake.php(34): Cake\Console\ShellDispatcher::run(Array)
#24 {main}


2016-10-18 01:58:10 Error: [Cake\Database\Exception] SQLSTATE[42S02]: Base table or view not found: 1146 Table 'meiyue.menu' doesn't exist
Stack Trace:
#0 F:\www\meiyue\vendor\cakephp\cakephp\src\Database\Schema\Collection.php(97): Cake\Database\Schema\Collection->_reflect('Column', 'menu', Array, Object(Cake\Database\Schema\Table))
#1 F:\www\meiyue\vendor\cakephp\cakephp\src\Database\Schema\CachedCollection.php(63): Cake\Database\Schema\Collection->describe('menu', Array)
#2 F:\www\meiyue\vendor\cakephp\cakephp\src\ORM\Table.php(440): Cake\Database\Schema\CachedCollection->describe('menu')
#3 F:\www\meiyue\vendor\cakephp\cakephp\src\ORM\Query.php(211): Cake\ORM\Table->schema()
#4 F:\www\meiyue\vendor\cakephp\cakephp\src\ORM\Query.php(168): Cake\ORM\Query->addDefaultTypes(Object(Cake\ORM\Table))
#5 F:\www\meiyue\vendor\cakephp\cakephp\src\ORM\Table.php(1336): Cake\ORM\Query->__construct(Object(Cake\Database\Connection), Object(Cake\ORM\Table))
#6 F:\www\meiyue\vendor\cakephp\cakephp\src\ORM\Table.php(964): Cake\ORM\Table->query()
#7 F:\www\meiyue\plugins\Wpadmin\config\bootstrap.php(40): Cake\ORM\Table->find()
#8 F:\www\meiyue\vendor\cakephp\cakephp\src\Event\EventManager.php(424): Cake\Core\Plugin::{closure}(Object(Cake\Event\Event), 'F:\\www\\meiyue/p...')
#9 F:\www\meiyue\vendor\cakephp\cakephp\src\Event\EventManager.php(391): Cake\Event\EventManager->_callListener(Object(Closure), Object(Cake\Event\Event))
#10 F:\www\meiyue\vendor\cakephp\cakephp\src\Event\EventDispatcherTrait.php(78): Cake\Event\EventManager->dispatch(Object(Cake\Event\Event))
#11 F:\www\meiyue\vendor\cakephp\bake\src\View\BakeView.php(168): Cake\View\View->dispatchEvent('Bake.afterRende...', Array, NULL)
#12 F:\www\meiyue\vendor\cakephp\bake\src\View\BakeView.php(138): Bake\View\BakeView->dispatchEvent('View.afterRende...', Array)
#13 F:\www\meiyue\vendor\cakephp\bake\src\Shell\Task\BakeTemplateTask.php(89): Bake\View\BakeView->render('Controller/cont...')
#14 F:\www\meiyue\vendor\cakephp\bake\src\Shell\Task\ControllerTask.php(179): Bake\Shell\Task\BakeTemplateTask->generate('Controller/cont...')
#15 F:\www\meiyue\vendor\cakephp\bake\src\Shell\Task\ControllerTask.php(151): Bake\Shell\Task\ControllerTask->bakeController('User', Array)
#16 F:\www\meiyue\vendor\cakephp\bake\src\Shell\Task\ControllerTask.php(66): Bake\Shell\Task\ControllerTask->bake('User')
#17 [internal function]: Bake\Shell\Task\ControllerTask->main('user')
#18 F:\www\meiyue\vendor\cakephp\cakephp\src\Console\Shell.php(466): call_user_func_array(Array, Array)
#19 F:\www\meiyue\vendor\cakephp\cakephp\src\Console\Shell.php(459): Cake\Console\Shell->runCommand(Array, false, Array)
#20 F:\www\meiyue\vendor\cakephp\cakephp\src\Console\ShellDispatcher.php(227): Cake\Console\Shell->runCommand(Array, true, Array)
#21 F:\www\meiyue\vendor\cakephp\cakephp\src\Console\ShellDispatcher.php(182): Cake\Console\ShellDispatcher->_dispatch(Array)
#22 F:\www\meiyue\vendor\cakephp\cakephp\src\Console\ShellDispatcher.php(128): Cake\Console\ShellDispatcher->dispatch(Array)
#23 F:\www\meiyue\bin\cake.php(34): Cake\Console\ShellDispatcher::run(Array)
#24 {main}


2016-10-18 01:58:45 Error: [Cake\Database\Exception] SQLSTATE[42S02]: Base table or view not found: 1146 Table 'meiyue.menu' doesn't exist
Stack Trace:
#0 F:\www\meiyue\vendor\cakephp\cakephp\src\Database\Schema\Collection.php(97): Cake\Database\Schema\Collection->_reflect('Column', 'menu', Array, Object(Cake\Database\Schema\Table))
#1 F:\www\meiyue\vendor\cakephp\cakephp\src\Database\Schema\CachedCollection.php(63): Cake\Database\Schema\Collection->describe('menu', Array)
#2 F:\www\meiyue\vendor\cakephp\cakephp\src\ORM\Table.php(440): Cake\Database\Schema\CachedCollection->describe('menu')
#3 F:\www\meiyue\vendor\cakephp\cakephp\src\ORM\Query.php(211): Cake\ORM\Table->schema()
#4 F:\www\meiyue\vendor\cakephp\cakephp\src\ORM\Query.php(168): Cake\ORM\Query->addDefaultTypes(Object(Cake\ORM\Table))
#5 F:\www\meiyue\vendor\cakephp\cakephp\src\ORM\Table.php(1336): Cake\ORM\Query->__construct(Object(Cake\Database\Connection), Object(Cake\ORM\Table))
#6 F:\www\meiyue\vendor\cakephp\cakephp\src\ORM\Table.php(964): Cake\ORM\Table->query()
#7 F:\www\meiyue\plugins\Wpadmin\config\bootstrap.php(40): Cake\ORM\Table->find()
#8 F:\www\meiyue\vendor\cakephp\cakephp\src\Event\EventManager.php(424): Cake\Core\Plugin::{closure}(Object(Cake\Event\Event), 'F:\\www\\meiyue/p...')
#9 F:\www\meiyue\vendor\cakephp\cakephp\src\Event\EventManager.php(391): Cake\Event\EventManager->_callListener(Object(Closure), Object(Cake\Event\Event))
#10 F:\www\meiyue\vendor\cakephp\cakephp\src\Event\EventDispatcherTrait.php(78): Cake\Event\EventManager->dispatch(Object(Cake\Event\Event))
#11 F:\www\meiyue\vendor\cakephp\bake\src\View\BakeView.php(168): Cake\View\View->dispatchEvent('Bake.afterRende...', Array, NULL)
#12 F:\www\meiyue\vendor\cakephp\bake\src\View\BakeView.php(138): Bake\View\BakeView->dispatchEvent('View.afterRende...', Array)
#13 F:\www\meiyue\vendor\cakephp\bake\src\Shell\Task\BakeTemplateTask.php(89): Bake\View\BakeView->render('Controller/cont...')
#14 F:\www\meiyue\vendor\cakephp\bake\src\Shell\Task\ControllerTask.php(179): Bake\Shell\Task\BakeTemplateTask->generate('Controller/cont...')
#15 F:\www\meiyue\vendor\cakephp\bake\src\Shell\Task\ControllerTask.php(151): Bake\Shell\Task\ControllerTask->bakeController('User', Array)
#16 F:\www\meiyue\vendor\cakephp\bake\src\Shell\Task\ControllerTask.php(66): Bake\Shell\Task\ControllerTask->bake('User')
#17 [internal function]: Bake\Shell\Task\ControllerTask->main('User')
#18 F:\www\meiyue\vendor\cakephp\cakephp\src\Console\Shell.php(466): call_user_func_array(Array, Array)
#19 F:\www\meiyue\vendor\cakephp\cakephp\src\Console\Shell.php(459): Cake\Console\Shell->runCommand(Array, false, Array)
#20 F:\www\meiyue\vendor\cakephp\cakephp\src\Console\ShellDispatcher.php(227): Cake\Console\Shell->runCommand(Array, true, Array)
#21 F:\www\meiyue\vendor\cakephp\cakephp\src\Console\ShellDispatcher.php(182): Cake\Console\ShellDispatcher->_dispatch(Array)
#22 F:\www\meiyue\vendor\cakephp\cakephp\src\Console\ShellDispatcher.php(128): Cake\Console\ShellDispatcher->dispatch(Array)
#23 F:\www\meiyue\bin\cake.php(34): Cake\Console\ShellDispatcher::run(Array)
#24 {main}


2016-10-18 02:00:33 Error: [Cake\Database\Exception] SQLSTATE[42S02]: Base table or view not found: 1146 Table 'meiyue.menu' doesn't exist
Stack Trace:
#0 F:\www\meiyue\vendor\cakephp\cakephp\src\Database\Schema\Collection.php(97): Cake\Database\Schema\Collection->_reflect('Column', 'menu', Array, Object(Cake\Database\Schema\Table))
#1 F:\www\meiyue\vendor\cakephp\cakephp\src\Database\Schema\CachedCollection.php(63): Cake\Database\Schema\Collection->describe('menu', Array)
#2 F:\www\meiyue\vendor\cakephp\cakephp\src\ORM\Table.php(440): Cake\Database\Schema\CachedCollection->describe('menu')
#3 F:\www\meiyue\vendor\cakephp\cakephp\src\ORM\Query.php(211): Cake\ORM\Table->schema()
#4 F:\www\meiyue\vendor\cakephp\cakephp\src\ORM\Query.php(168): Cake\ORM\Query->addDefaultTypes(Object(Cake\ORM\Table))
#5 F:\www\meiyue\vendor\cakephp\cakephp\src\ORM\Table.php(1336): Cake\ORM\Query->__construct(Object(Cake\Database\Connection), Object(Cake\ORM\Table))
#6 F:\www\meiyue\vendor\cakephp\cakephp\src\ORM\Table.php(964): Cake\ORM\Table->query()
#7 F:\www\meiyue\plugins\Wpadmin\config\bootstrap.php(40): Cake\ORM\Table->find()
#8 F:\www\meiyue\vendor\cakephp\cakephp\src\Event\EventManager.php(424): Cake\Core\Plugin::{closure}(Object(Cake\Event\Event), 'F:\\www\\meiyue/p...')
#9 F:\www\meiyue\vendor\cakephp\cakephp\src\Event\EventManager.php(391): Cake\Event\EventManager->_callListener(Object(Closure), Object(Cake\Event\Event))
#10 F:\www\meiyue\vendor\cakephp\cakephp\src\Event\EventDispatcherTrait.php(78): Cake\Event\EventManager->dispatch(Object(Cake\Event\Event))
#11 F:\www\meiyue\vendor\cakephp\bake\src\View\BakeView.php(168): Cake\View\View->dispatchEvent('Bake.afterRende...', Array, NULL)
#12 F:\www\meiyue\vendor\cakephp\bake\src\View\BakeView.php(138): Bake\View\BakeView->dispatchEvent('View.afterRende...', Array)
#13 F:\www\meiyue\vendor\cakephp\bake\src\Shell\Task\BakeTemplateTask.php(89): Bake\View\BakeView->render('Controller/cont...')
#14 F:\www\meiyue\vendor\cakephp\bake\src\Shell\Task\ControllerTask.php(179): Bake\Shell\Task\BakeTemplateTask->generate('Controller/cont...')
#15 F:\www\meiyue\vendor\cakephp\bake\src\Shell\Task\ControllerTask.php(151): Bake\Shell\Task\ControllerTask->bakeController('User', Array)
#16 F:\www\meiyue\vendor\cakephp\bake\src\Shell\Task\ControllerTask.php(66): Bake\Shell\Task\ControllerTask->bake('User')
#17 [internal function]: Bake\Shell\Task\ControllerTask->main('User')
#18 F:\www\meiyue\vendor\cakephp\cakephp\src\Console\Shell.php(466): call_user_func_array(Array, Array)
#19 F:\www\meiyue\vendor\cakephp\cakephp\src\Console\Shell.php(459): Cake\Console\Shell->runCommand(Array, false, Array)
#20 F:\www\meiyue\vendor\cakephp\cakephp\src\Console\ShellDispatcher.php(227): Cake\Console\Shell->runCommand(Array, true, Array)
#21 F:\www\meiyue\vendor\cakephp\cakephp\src\Console\ShellDispatcher.php(182): Cake\Console\ShellDispatcher->_dispatch(Array)
#22 F:\www\meiyue\vendor\cakephp\cakephp\src\Console\ShellDispatcher.php(128): Cake\Console\ShellDispatcher->dispatch(Array)
#23 F:\www\meiyue\bin\cake.php(34): Cake\Console\ShellDispatcher::run(Array)
#24 {main}


