2016-10-18 14:25:31 Debug: duration=0 rows=0 BEGIN
2016-10-18 14:25:31 Debug: duration=4 rows=12 SHOW FULL COLUMNS FROM `lm_actionlog`
2016-10-18 14:25:31 Debug: duration=0 rows=1 SHOW INDEXES FROM `lm_actionlog`
2016-10-18 14:25:31 Debug: duration=5 rows=0 SELECT * FROM information_schema.key_column_usage AS kcu
            INNER JOIN information_schema.referential_constraints AS rc
            ON (
                kcu.CONSTRAINT_NAME = rc.CONSTRAINT_NAME
                AND kcu.CONSTRAINT_SCHEMA = rc.CONSTRAINT_SCHEMA
            )
            WHERE kcu.TABLE_SCHEMA = 'meiyue' AND kcu.TABLE_NAME = 'lm_actionlog' AND rc.TABLE_NAME = 'lm_actionlog'
2016-10-18 14:25:31 Debug: duration=1 rows=1 SHOW TABLE STATUS WHERE Name = 'lm_actionlog'
2016-10-18 14:25:31 Debug: duration=11 rows=1 INSERT INTO lm_actionlog (url, type, useragent, ip, filename, msg, controller, action, param, user, create_time) VALUES ('group/add', 'POST', 'Mozilla/5.0 (Windows NT 6.3; rv:36.0) Gecko/20100101 Firefox/36.04', '127.0.0.1', 'F:\www\meiyue\plugins\Wpadmin\src\Controller\Component\UtilComponent.php', '添加', 'group', 'add', 'array (
  'name' => '超级管理员',
  'remark' => '无限权限',
)', 'admin', '2016-10-18 14:25:31')
2016-10-18 14:25:31 Debug: duration=0 rows=0 COMMIT
2016-10-18 14:25:31 Debug: duration=11 rows=5 SHOW FULL COLUMNS FROM `lm_group`
2016-10-18 14:25:31 Debug: duration=0 rows=2 SHOW INDEXES FROM `lm_group`
2016-10-18 14:25:32 Debug: duration=38 rows=0 SELECT * FROM information_schema.key_column_usage AS kcu
            INNER JOIN information_schema.referential_constraints AS rc
            ON (
                kcu.CONSTRAINT_NAME = rc.CONSTRAINT_NAME
                AND kcu.CONSTRAINT_SCHEMA = rc.CONSTRAINT_SCHEMA
            )
            WHERE kcu.TABLE_SCHEMA = 'meiyue' AND kcu.TABLE_NAME = 'lm_group' AND rc.TABLE_NAME = 'lm_group'
2016-10-18 14:25:32 Debug: duration=1 rows=1 SHOW TABLE STATUS WHERE Name = 'lm_group'
2016-10-18 14:25:32 Debug: duration=0 rows=0 SELECT 1 AS `existing` FROM lm_group g WHERE g.name = '超级管理员' LIMIT 1
2016-10-18 14:25:32 Debug: duration=0 rows=0 BEGIN
2016-10-18 14:25:32 Debug: duration=1 rows=1 INSERT INTO lm_group (name, remark, ctime, utime) VALUES ('超级管理员', '无限权限', '2016-10-18 14:25:32', '2016-10-18 14:25:32')
2016-10-18 14:25:32 Debug: duration=0 rows=0 COMMIT
2016-10-18 14:25:35 Debug: duration=1 rows=1 SELECT (COUNT(*)) AS `count` FROM lm_group g
2016-10-18 14:25:35 Debug: duration=4 rows=9 SHOW FULL COLUMNS FROM `lm_menu`
2016-10-18 14:25:35 Debug: duration=0 rows=1 SHOW INDEXES FROM `lm_menu`
2016-10-18 14:25:35 Debug: duration=4 rows=0 SELECT * FROM information_schema.key_column_usage AS kcu
            INNER JOIN information_schema.referential_constraints AS rc
            ON (
                kcu.CONSTRAINT_NAME = rc.CONSTRAINT_NAME
                AND kcu.CONSTRAINT_SCHEMA = rc.CONSTRAINT_SCHEMA
            )
            WHERE kcu.TABLE_SCHEMA = 'meiyue' AND kcu.TABLE_NAME = 'lm_menu' AND rc.TABLE_NAME = 'lm_menu'
2016-10-18 14:25:35 Debug: duration=1 rows=1 SHOW TABLE STATUS WHERE Name = 'lm_menu'
2016-10-18 14:25:35 Debug: duration=0 rows=1 SELECT g.id AS `g__id`, g.name AS `g__name`, g.remark AS `g__remark`, g.ctime AS `g__ctime`, g.utime AS `g__utime` FROM lm_group g ORDER BY id desc LIMIT 10 OFFSET 0
2016-10-18 14:25:35 Debug: duration=3 rows=0 SHOW FULL COLUMNS FROM `group_menu`
2016-10-18 14:25:35 Debug: duration=0 rows=1 SELECT g.id AS `g__id`, g.name AS `g__name`, g.remark AS `g__remark`, g.ctime AS `g__ctime`, g.utime AS `g__utime` FROM lm_group g ORDER BY id desc LIMIT 10 OFFSET 0
2016-10-18 14:25:35 Debug: duration=3 rows=0 SHOW FULL COLUMNS FROM `group_menu`
2016-10-18 14:25:35 Debug: duration=0 rows=1 SELECT g.id AS `g__id`, g.name AS `g__name`, g.remark AS `g__remark`, g.ctime AS `g__ctime`, g.utime AS `g__utime` FROM lm_group g ORDER BY id desc LIMIT 10 OFFSET 0
2016-10-18 14:25:35 Debug: duration=3 rows=0 SHOW FULL COLUMNS FROM `group_menu`
2016-10-18 14:25:35 Debug: duration=0 rows=1 SELECT g.id AS `g__id`, g.name AS `g__name`, g.remark AS `g__remark`, g.ctime AS `g__ctime`, g.utime AS `g__utime` FROM lm_group g ORDER BY id desc LIMIT 10 OFFSET 0
2016-10-18 14:25:35 Debug: duration=3 rows=0 SHOW FULL COLUMNS FROM `group_menu`
2016-10-18 14:25:41 Debug: duration=1 rows=1 SELECT (COUNT(*)) AS `count` FROM lm_group g
2016-10-18 14:25:41 Debug: duration=0 rows=1 SELECT g.id AS `g__id`, g.name AS `g__name`, g.remark AS `g__remark`, g.ctime AS `g__ctime`, g.utime AS `g__utime` FROM lm_group g ORDER BY id desc LIMIT 10 OFFSET 0
2016-10-18 14:25:41 Debug: duration=4 rows=0 SHOW FULL COLUMNS FROM `group_menu`
2016-10-18 14:25:41 Debug: duration=0 rows=1 SELECT g.id AS `g__id`, g.name AS `g__name`, g.remark AS `g__remark`, g.ctime AS `g__ctime`, g.utime AS `g__utime` FROM lm_group g ORDER BY id desc LIMIT 10 OFFSET 0
2016-10-18 14:25:41 Debug: duration=4 rows=0 SHOW FULL COLUMNS FROM `group_menu`
2016-10-18 14:25:41 Debug: duration=0 rows=1 SELECT g.id AS `g__id`, g.name AS `g__name`, g.remark AS `g__remark`, g.ctime AS `g__ctime`, g.utime AS `g__utime` FROM lm_group g ORDER BY id desc LIMIT 10 OFFSET 0
2016-10-18 14:25:41 Debug: duration=3 rows=0 SHOW FULL COLUMNS FROM `group_menu`
2016-10-18 14:25:41 Debug: duration=0 rows=1 SELECT g.id AS `g__id`, g.name AS `g__name`, g.remark AS `g__remark`, g.ctime AS `g__ctime`, g.utime AS `g__utime` FROM lm_group g ORDER BY id desc LIMIT 10 OFFSET 0
2016-10-18 14:25:41 Debug: duration=3 rows=0 SHOW FULL COLUMNS FROM `group_menu`
2016-10-18 14:26:20 Debug: duration=1 rows=1 SELECT (COUNT(*)) AS `count` FROM lm_group g
2016-10-18 14:26:20 Debug: duration=0 rows=1 SELECT g.id AS `g__id`, g.name AS `g__name`, g.remark AS `g__remark`, g.ctime AS `g__ctime`, g.utime AS `g__utime` FROM lm_group g ORDER BY id desc LIMIT 10 OFFSET 0
2016-10-18 14:26:20 Debug: duration=4 rows=3 SHOW FULL COLUMNS FROM `lm_group_menu`
2016-10-18 14:26:20 Debug: duration=1 rows=3 SHOW INDEXES FROM `lm_group_menu`
2016-10-18 14:26:20 Debug: duration=5 rows=0 SELECT * FROM information_schema.key_column_usage AS kcu
            INNER JOIN information_schema.referential_constraints AS rc
            ON (
                kcu.CONSTRAINT_NAME = rc.CONSTRAINT_NAME
                AND kcu.CONSTRAINT_SCHEMA = rc.CONSTRAINT_SCHEMA
            )
            WHERE kcu.TABLE_SCHEMA = 'meiyue' AND kcu.TABLE_NAME = 'lm_group_menu' AND rc.TABLE_NAME = 'lm_group_menu'
2016-10-18 14:26:20 Debug: duration=1 rows=1 SHOW TABLE STATUS WHERE Name = 'lm_group_menu'
2016-10-18 14:26:20 Debug: duration=1 rows=0 SELECT LmGroupMenu.id AS `menu_CJoin__id`, LmGroupMenu.group_id AS `menu_CJoin__group_id`, LmGroupMenu.menu_id AS `menu_CJoin__menu_id`, menu.id AS `menu__id`, menu.name AS `menu__name`, menu.node AS `menu__node`, menu.pid AS `menu__pid`, menu.class AS `menu__class`, menu.rank AS `menu__rank`, menu.is_menu AS `menu__is_menu`, menu.status AS `menu__status`, menu.remark AS `menu__remark` FROM lm_menu menu INNER JOIN lm_group_menu LmGroupMenu ON menu.id = (LmGroupMenu.menu_id) WHERE LmGroupMenu.group_id in (:c0)
2016-10-18 14:26:26 Debug: duration=1 rows=1 SELECT (COUNT(*)) AS `count` FROM lm_group g
2016-10-18 14:26:26 Debug: duration=0 rows=1 SELECT g.id AS `g__id`, g.name AS `g__name`, g.remark AS `g__remark`, g.ctime AS `g__ctime`, g.utime AS `g__utime` FROM lm_group g ORDER BY id desc LIMIT 10 OFFSET 0
2016-10-18 14:26:26 Debug: duration=0 rows=0 SELECT LmGroupMenu.id AS `menu_CJoin__id`, LmGroupMenu.group_id AS `menu_CJoin__group_id`, LmGroupMenu.menu_id AS `menu_CJoin__menu_id`, menu.id AS `menu__id`, menu.name AS `menu__name`, menu.node AS `menu__node`, menu.pid AS `menu__pid`, menu.class AS `menu__class`, menu.rank AS `menu__rank`, menu.is_menu AS `menu__is_menu`, menu.status AS `menu__status`, menu.remark AS `menu__remark` FROM lm_menu menu INNER JOIN lm_group_menu LmGroupMenu ON menu.id = (LmGroupMenu.menu_id) WHERE LmGroupMenu.group_id in (:c0)
2016-10-18 14:27:41 Debug: duration=4 rows=5 SHOW FULL COLUMNS FROM `lm_group`
2016-10-18 14:27:41 Debug: duration=0 rows=2 SHOW INDEXES FROM `lm_group`
2016-10-18 14:27:41 Debug: duration=5 rows=0 SELECT * FROM information_schema.key_column_usage AS kcu
            INNER JOIN information_schema.referential_constraints AS rc
            ON (
                kcu.CONSTRAINT_NAME = rc.CONSTRAINT_NAME
                AND kcu.CONSTRAINT_SCHEMA = rc.CONSTRAINT_SCHEMA
            )
            WHERE kcu.TABLE_SCHEMA = 'meiyue' AND kcu.TABLE_NAME = 'lm_group' AND rc.TABLE_NAME = 'lm_group'
2016-10-18 14:27:41 Debug: duration=1 rows=1 SHOW TABLE STATUS WHERE Name = 'lm_group'
2016-10-18 14:27:41 Debug: duration=0 rows=1 SELECT (COUNT(*)) AS `count` FROM lm_group g
2016-10-18 14:27:41 Debug: duration=4 rows=9 SHOW FULL COLUMNS FROM `lm_menu`
2016-10-18 14:27:41 Debug: duration=0 rows=1 SHOW INDEXES FROM `lm_menu`
2016-10-18 14:27:41 Debug: duration=5 rows=0 SELECT * FROM information_schema.key_column_usage AS kcu
            INNER JOIN information_schema.referential_constraints AS rc
            ON (
                kcu.CONSTRAINT_NAME = rc.CONSTRAINT_NAME
                AND kcu.CONSTRAINT_SCHEMA = rc.CONSTRAINT_SCHEMA
            )
            WHERE kcu.TABLE_SCHEMA = 'meiyue' AND kcu.TABLE_NAME = 'lm_menu' AND rc.TABLE_NAME = 'lm_menu'
2016-10-18 14:27:41 Debug: duration=1 rows=1 SHOW TABLE STATUS WHERE Name = 'lm_menu'
2016-10-18 14:27:41 Debug: duration=0 rows=1 SELECT g.id AS `g__id`, g.name AS `g__name`, g.remark AS `g__remark`, g.ctime AS `g__ctime`, g.utime AS `g__utime` FROM lm_group g ORDER BY id desc LIMIT 10 OFFSET 0
2016-10-18 14:27:41 Debug: duration=0 rows=0 SELECT LmGroupMenu.id AS `menu_CJoin__id`, LmGroupMenu.group_id AS `menu_CJoin__group_id`, LmGroupMenu.menu_id AS `menu_CJoin__menu_id`, menu.id AS `menu__id`, menu.name AS `menu__name`, menu.node AS `menu__node`, menu.pid AS `menu__pid`, menu.class AS `menu__class`, menu.rank AS `menu__rank`, menu.is_menu AS `menu__is_menu`, menu.status AS `menu__status`, menu.remark AS `menu__remark` FROM lm_menu menu INNER JOIN lm_group_menu LmGroupMenu ON menu.id = (LmGroupMenu.menu_id) WHERE LmGroupMenu.group_id in (:c0)
2016-10-18 14:27:50 Debug: duration=4 rows=8 SHOW FULL COLUMNS FROM `lm_admin`
2016-10-18 14:27:50 Debug: duration=0 rows=2 SHOW INDEXES FROM `lm_admin`
2016-10-18 14:27:50 Debug: duration=5 rows=0 SELECT * FROM information_schema.key_column_usage AS kcu
            INNER JOIN information_schema.referential_constraints AS rc
            ON (
                kcu.CONSTRAINT_NAME = rc.CONSTRAINT_NAME
                AND kcu.CONSTRAINT_SCHEMA = rc.CONSTRAINT_SCHEMA
            )
            WHERE kcu.TABLE_SCHEMA = 'meiyue' AND kcu.TABLE_NAME = 'lm_admin' AND rc.TABLE_NAME = 'lm_admin'
2016-10-18 14:27:50 Debug: duration=1 rows=1 SHOW TABLE STATUS WHERE Name = 'lm_admin'
2016-10-18 14:27:50 Debug: duration=0 rows=1 SELECT (COUNT(*)) AS `count` FROM lm_admin Admin
2016-10-18 14:27:50 Debug: duration=0 rows=1 SELECT Admin.id AS `Admin__id`, Admin.username AS `Admin__username`, Admin.password AS `Admin__password`, Admin.enabled AS `Admin__enabled`, Admin.ctime AS `Admin__ctime`, Admin.utime AS `Admin__utime`, Admin.login_time AS `Admin__login_time`, Admin.login_ip AS `Admin__login_ip` FROM lm_admin Admin ORDER BY id desc LIMIT 10 OFFSET 0
2016-10-18 14:27:50 Debug: duration=3 rows=3 SHOW FULL COLUMNS FROM `lm_admin_group`
2016-10-18 14:27:50 Debug: duration=0 rows=3 SHOW INDEXES FROM `lm_admin_group`
2016-10-18 14:27:50 Debug: duration=5 rows=0 SELECT * FROM information_schema.key_column_usage AS kcu
            INNER JOIN information_schema.referential_constraints AS rc
            ON (
                kcu.CONSTRAINT_NAME = rc.CONSTRAINT_NAME
                AND kcu.CONSTRAINT_SCHEMA = rc.CONSTRAINT_SCHEMA
            )
            WHERE kcu.TABLE_SCHEMA = 'meiyue' AND kcu.TABLE_NAME = 'lm_admin_group' AND rc.TABLE_NAME = 'lm_admin_group'
2016-10-18 14:27:50 Debug: duration=1 rows=1 SHOW TABLE STATUS WHERE Name = 'lm_admin_group'
2016-10-18 14:27:50 Debug: duration=0 rows=0 SELECT LmAdminGroup.id AS `g_CJoin__id`, LmAdminGroup.admin_id AS `g_CJoin__admin_id`, LmAdminGroup.group_id AS `g_CJoin__group_id`, g.id AS `g__id`, g.name AS `g__name`, g.remark AS `g__remark`, g.ctime AS `g__ctime`, g.utime AS `g__utime` FROM lm_group g INNER JOIN lm_admin_group LmAdminGroup ON g.id = (LmAdminGroup.group_id) WHERE LmAdminGroup.admin_id in (:c0)
2016-10-18 14:27:54 Debug: duration=1 rows=1 SELECT (COUNT(*)) AS `count` FROM lm_admin Admin
2016-10-18 14:27:54 Debug: duration=0 rows=1 SELECT Admin.id AS `Admin__id`, Admin.username AS `Admin__username`, Admin.password AS `Admin__password`, Admin.enabled AS `Admin__enabled`, Admin.ctime AS `Admin__ctime`, Admin.utime AS `Admin__utime`, Admin.login_time AS `Admin__login_time`, Admin.login_ip AS `Admin__login_ip` FROM lm_admin Admin ORDER BY id desc LIMIT 10 OFFSET 0
2016-10-18 14:27:54 Debug: duration=0 rows=0 SELECT LmAdminGroup.id AS `g_CJoin__id`, LmAdminGroup.admin_id AS `g_CJoin__admin_id`, LmAdminGroup.group_id AS `g_CJoin__group_id`, g.id AS `g__id`, g.name AS `g__name`, g.remark AS `g__remark`, g.ctime AS `g__ctime`, g.utime AS `g__utime` FROM lm_group g INNER JOIN lm_admin_group LmAdminGroup ON g.id = (LmAdminGroup.group_id) WHERE LmAdminGroup.admin_id in (:c0)
2016-10-18 14:27:56 Debug: duration=1 rows=1 SELECT Admin.id AS `Admin__id`, Admin.username AS `Admin__username`, Admin.password AS `Admin__password`, Admin.enabled AS `Admin__enabled`, Admin.ctime AS `Admin__ctime`, Admin.utime AS `Admin__utime`, Admin.login_time AS `Admin__login_time`, Admin.login_ip AS `Admin__login_ip` FROM lm_admin Admin WHERE Admin.id = 1 LIMIT 1
2016-10-18 14:27:56 Debug: duration=0 rows=0 SELECT LmAdminGroup.id AS `g_CJoin__id`, LmAdminGroup.admin_id AS `g_CJoin__admin_id`, LmAdminGroup.group_id AS `g_CJoin__group_id`, g.id AS `g__id`, g.name AS `g__name`, g.remark AS `g__remark`, g.ctime AS `g__ctime`, g.utime AS `g__utime` FROM lm_group g INNER JOIN lm_admin_group LmAdminGroup ON g.id = (LmAdminGroup.group_id) WHERE LmAdminGroup.admin_id in (:c0)
2016-10-18 14:27:56 Debug: duration=0 rows=1 SELECT g.id AS `g__id`, g.name AS `g__name` FROM lm_group g LIMIT 200
2016-10-18 14:28:03 Debug: duration=0 rows=0 BEGIN
2016-10-18 14:28:03 Debug: duration=4 rows=12 SHOW FULL COLUMNS FROM `lm_actionlog`
2016-10-18 14:28:03 Debug: duration=0 rows=1 SHOW INDEXES FROM `lm_actionlog`
2016-10-18 14:28:03 Debug: duration=5 rows=0 SELECT * FROM information_schema.key_column_usage AS kcu
            INNER JOIN information_schema.referential_constraints AS rc
            ON (
                kcu.CONSTRAINT_NAME = rc.CONSTRAINT_NAME
                AND kcu.CONSTRAINT_SCHEMA = rc.CONSTRAINT_SCHEMA
            )
            WHERE kcu.TABLE_SCHEMA = 'meiyue' AND kcu.TABLE_NAME = 'lm_actionlog' AND rc.TABLE_NAME = 'lm_actionlog'
2016-10-18 14:28:03 Debug: duration=1 rows=1 SHOW TABLE STATUS WHERE Name = 'lm_actionlog'
2016-10-18 14:28:03 Debug: duration=18 rows=1 INSERT INTO lm_actionlog (url, type, useragent, ip, filename, msg, controller, action, param, user, create_time) VALUES ('admin/edit/1', 'PUT', 'Mozilla/5.0 (Windows NT 6.3; rv:36.0) Gecko/20100101 Firefox/36.04', '127.0.0.1', 'F:\www\meiyue\plugins\Wpadmin\src\Controller\Component\UtilComponent.php', '修改', 'admin', 'edit', 'array (
  'username' => 'admin',
  'enabled' => '1',
  'g' => 
  array (
    '_ids' => 
    array (
      0 => '1',
    ),
  ),
)', 'admin', '2016-10-18 14:28:03')
2016-10-18 14:28:03 Debug: duration=0 rows=0 COMMIT
2016-10-18 14:28:04 Debug: duration=0 rows=1 SELECT Admin.id AS `Admin__id`, Admin.username AS `Admin__username`, Admin.password AS `Admin__password`, Admin.enabled AS `Admin__enabled`, Admin.ctime AS `Admin__ctime`, Admin.utime AS `Admin__utime`, Admin.login_time AS `Admin__login_time`, Admin.login_ip AS `Admin__login_ip` FROM lm_admin Admin WHERE Admin.id = 1 LIMIT 1
2016-10-18 14:28:04 Debug: duration=1 rows=0 SELECT LmAdminGroup.id AS `g_CJoin__id`, LmAdminGroup.admin_id AS `g_CJoin__admin_id`, LmAdminGroup.group_id AS `g_CJoin__group_id`, g.id AS `g__id`, g.name AS `g__name`, g.remark AS `g__remark`, g.ctime AS `g__ctime`, g.utime AS `g__utime` FROM lm_group g INNER JOIN lm_admin_group LmAdminGroup ON g.id = (LmAdminGroup.group_id) WHERE LmAdminGroup.admin_id in (:c0)
2016-10-18 14:28:04 Debug: duration=0 rows=0 SELECT 1 AS `existing` FROM lm_admin Admin WHERE (Admin.username = 'admin' AND NOT (Admin.id = 1)) LIMIT 1
2016-10-18 14:28:04 Debug: duration=0 rows=1 SELECT g.id AS `g__id`, g.name AS `g__name`, g.remark AS `g__remark`, g.ctime AS `g__ctime`, g.utime AS `g__utime` FROM lm_group g WHERE g.id in (:c0)
2016-10-18 14:29:22 Debug: duration=1 rows=1 SELECT Admin.id AS `Admin__id`, Admin.username AS `Admin__username`, Admin.password AS `Admin__password`, Admin.enabled AS `Admin__enabled`, Admin.ctime AS `Admin__ctime`, Admin.utime AS `Admin__utime`, Admin.login_time AS `Admin__login_time`, Admin.login_ip AS `Admin__login_ip` FROM lm_admin Admin WHERE Admin.id = 1 LIMIT 1
2016-10-18 14:29:22 Debug: duration=0 rows=0 SELECT LmAdminGroup.id AS `g_CJoin__id`, LmAdminGroup.admin_id AS `g_CJoin__admin_id`, LmAdminGroup.group_id AS `g_CJoin__group_id`, g.id AS `g__id`, g.name AS `g__name`, g.remark AS `g__remark`, g.ctime AS `g__ctime`, g.utime AS `g__utime` FROM lm_group g INNER JOIN lm_admin_group LmAdminGroup ON g.id = (LmAdminGroup.group_id) WHERE LmAdminGroup.admin_id in (:c0)
2016-10-18 14:29:22 Debug: duration=0 rows=1 SELECT g.id AS `g__id`, g.name AS `g__name` FROM lm_group g LIMIT 200
2016-10-18 14:29:25 Debug: duration=0 rows=0 BEGIN
2016-10-18 14:29:25 Debug: duration=16 rows=1 INSERT INTO lm_actionlog (url, type, useragent, ip, filename, msg, controller, action, param, user, create_time) VALUES ('admin/edit/1', 'PUT', 'Mozilla/5.0 (Windows NT 6.3; rv:36.0) Gecko/20100101 Firefox/36.04', '127.0.0.1', 'F:\www\meiyue\plugins\Wpadmin\src\Controller\Component\UtilComponent.php', '修改', 'admin', 'edit', 'array (
  'username' => 'admin',
  'enabled' => '1',
  'g' => 
  array (
    '_ids' => '',
  ),
)', 'admin', '2016-10-18 14:29:25')
2016-10-18 14:29:25 Debug: duration=0 rows=0 COMMIT
2016-10-18 14:29:25 Debug: duration=0 rows=1 SELECT Admin.id AS `Admin__id`, Admin.username AS `Admin__username`, Admin.password AS `Admin__password`, Admin.enabled AS `Admin__enabled`, Admin.ctime AS `Admin__ctime`, Admin.utime AS `Admin__utime`, Admin.login_time AS `Admin__login_time`, Admin.login_ip AS `Admin__login_ip` FROM lm_admin Admin WHERE Admin.id = 1 LIMIT 1
2016-10-18 14:29:25 Debug: duration=0 rows=0 SELECT LmAdminGroup.id AS `g_CJoin__id`, LmAdminGroup.admin_id AS `g_CJoin__admin_id`, LmAdminGroup.group_id AS `g_CJoin__group_id`, g.id AS `g__id`, g.name AS `g__name`, g.remark AS `g__remark`, g.ctime AS `g__ctime`, g.utime AS `g__utime` FROM lm_group g INNER JOIN lm_admin_group LmAdminGroup ON g.id = (LmAdminGroup.group_id) WHERE LmAdminGroup.admin_id in (:c0)
2016-10-18 14:29:25 Debug: duration=0 rows=0 SELECT 1 AS `existing` FROM lm_admin Admin WHERE (Admin.username = 'admin' AND NOT (Admin.id = 1)) LIMIT 1
2016-10-18 14:29:25 Debug: duration=0 rows=0 BEGIN
2016-10-18 14:29:25 Debug: duration=1 rows=1 UPDATE lm_admin SET utime = '2016-10-18 14:29:25' WHERE id = 1
2016-10-18 14:29:25 Debug: duration=0 rows=0 SELECT LmAdminGroup.id AS `LmAdminGroup__id`, LmAdminGroup.admin_id AS `LmAdminGroup__admin_id`, LmAdminGroup.group_id AS `LmAdminGroup__group_id` FROM lm_admin_group LmAdminGroup WHERE LmAdminGroup.admin_id = 1
2016-10-18 14:29:25 Debug: duration=0 rows=0 COMMIT
2016-10-18 14:29:33 Debug: duration=1 rows=1 SELECT (COUNT(*)) AS `count` FROM lm_admin Admin
2016-10-18 14:29:33 Debug: duration=0 rows=1 SELECT Admin.id AS `Admin__id`, Admin.username AS `Admin__username`, Admin.password AS `Admin__password`, Admin.enabled AS `Admin__enabled`, Admin.ctime AS `Admin__ctime`, Admin.utime AS `Admin__utime`, Admin.login_time AS `Admin__login_time`, Admin.login_ip AS `Admin__login_ip` FROM lm_admin Admin ORDER BY id desc LIMIT 10 OFFSET 0
2016-10-18 14:29:33 Debug: duration=0 rows=0 SELECT LmAdminGroup.id AS `g_CJoin__id`, LmAdminGroup.admin_id AS `g_CJoin__admin_id`, LmAdminGroup.group_id AS `g_CJoin__group_id`, g.id AS `g__id`, g.name AS `g__name`, g.remark AS `g__remark`, g.ctime AS `g__ctime`, g.utime AS `g__utime` FROM lm_group g INNER JOIN lm_admin_group LmAdminGroup ON g.id = (LmAdminGroup.group_id) WHERE LmAdminGroup.admin_id in (:c0)
2016-10-18 14:30:44 Debug: duration=4 rows=8 SHOW FULL COLUMNS FROM `lm_admin`
2016-10-18 14:30:44 Debug: duration=0 rows=2 SHOW INDEXES FROM `lm_admin`
2016-10-18 14:30:44 Debug: duration=5 rows=0 SELECT * FROM information_schema.key_column_usage AS kcu
            INNER JOIN information_schema.referential_constraints AS rc
            ON (
                kcu.CONSTRAINT_NAME = rc.CONSTRAINT_NAME
                AND kcu.CONSTRAINT_SCHEMA = rc.CONSTRAINT_SCHEMA
            )
            WHERE kcu.TABLE_SCHEMA = 'meiyue' AND kcu.TABLE_NAME = 'lm_admin' AND rc.TABLE_NAME = 'lm_admin'
2016-10-18 14:30:44 Debug: duration=1 rows=1 SHOW TABLE STATUS WHERE Name = 'lm_admin'
2016-10-18 14:30:44 Debug: duration=0 rows=1 SELECT (COUNT(*)) AS `count` FROM lm_admin Admin
2016-10-18 14:30:44 Debug: duration=4 rows=5 SHOW FULL COLUMNS FROM `lm_group`
2016-10-18 14:30:44 Debug: duration=0 rows=2 SHOW INDEXES FROM `lm_group`
2016-10-18 14:30:44 Debug: duration=4 rows=0 SELECT * FROM information_schema.key_column_usage AS kcu
            INNER JOIN information_schema.referential_constraints AS rc
            ON (
                kcu.CONSTRAINT_NAME = rc.CONSTRAINT_NAME
                AND kcu.CONSTRAINT_SCHEMA = rc.CONSTRAINT_SCHEMA
            )
            WHERE kcu.TABLE_SCHEMA = 'meiyue' AND kcu.TABLE_NAME = 'lm_group' AND rc.TABLE_NAME = 'lm_group'
2016-10-18 14:30:44 Debug: duration=0 rows=1 SHOW TABLE STATUS WHERE Name = 'lm_group'
2016-10-18 14:30:44 Debug: duration=0 rows=1 SELECT Admin.id AS `Admin__id`, Admin.username AS `Admin__username`, Admin.password AS `Admin__password`, Admin.enabled AS `Admin__enabled`, Admin.ctime AS `Admin__ctime`, Admin.utime AS `Admin__utime`, Admin.login_time AS `Admin__login_time`, Admin.login_ip AS `Admin__login_ip` FROM lm_admin Admin ORDER BY id desc LIMIT 10 OFFSET 0
2016-10-18 14:30:44 Debug: duration=3 rows=3 SHOW FULL COLUMNS FROM `lm_admin_group`
2016-10-18 14:30:45 Debug: duration=0 rows=3 SHOW INDEXES FROM `lm_admin_group`
2016-10-18 14:30:45 Debug: duration=4 rows=0 SELECT * FROM information_schema.key_column_usage AS kcu
            INNER JOIN information_schema.referential_constraints AS rc
            ON (
                kcu.CONSTRAINT_NAME = rc.CONSTRAINT_NAME
                AND kcu.CONSTRAINT_SCHEMA = rc.CONSTRAINT_SCHEMA
            )
            WHERE kcu.TABLE_SCHEMA = 'meiyue' AND kcu.TABLE_NAME = 'lm_admin_group' AND rc.TABLE_NAME = 'lm_admin_group'
2016-10-18 14:30:45 Debug: duration=0 rows=1 SHOW TABLE STATUS WHERE Name = 'lm_admin_group'
2016-10-18 14:30:45 Debug: duration=0 rows=0 SELECT LmAdminGroup.id AS `g_CJoin__id`, LmAdminGroup.admin_id AS `g_CJoin__admin_id`, LmAdminGroup.group_id AS `g_CJoin__group_id`, g.id AS `g__id`, g.name AS `g__name`, g.remark AS `g__remark`, g.ctime AS `g__ctime`, g.utime AS `g__utime` FROM lm_group g INNER JOIN lm_admin_group LmAdminGroup ON g.id = (LmAdminGroup.group_id) WHERE LmAdminGroup.admin_id in (:c0)
2016-10-18 14:31:10 Debug: duration=4 rows=9 SHOW FULL COLUMNS FROM `lm_menu`
2016-10-18 14:31:10 Debug: duration=0 rows=1 SHOW INDEXES FROM `lm_menu`
2016-10-18 14:31:10 Debug: duration=5 rows=0 SELECT * FROM information_schema.key_column_usage AS kcu
            INNER JOIN information_schema.referential_constraints AS rc
            ON (
                kcu.CONSTRAINT_NAME = rc.CONSTRAINT_NAME
                AND kcu.CONSTRAINT_SCHEMA = rc.CONSTRAINT_SCHEMA
            )
            WHERE kcu.TABLE_SCHEMA = 'meiyue' AND kcu.TABLE_NAME = 'lm_menu' AND rc.TABLE_NAME = 'lm_menu'
2016-10-18 14:31:10 Debug: duration=1 rows=1 SHOW TABLE STATUS WHERE Name = 'lm_menu'
2016-10-18 14:31:10 Debug: duration=0 rows=1 SELECT Admin.id AS `Admin__id`, Admin.username AS `Admin__username`, Admin.password AS `Admin__password`, Admin.enabled AS `Admin__enabled`, Admin.ctime AS `Admin__ctime`, Admin.utime AS `Admin__utime`, Admin.login_time AS `Admin__login_time`, Admin.login_ip AS `Admin__login_ip` FROM lm_admin Admin WHERE Admin.id = 1 LIMIT 1
2016-10-18 14:31:10 Debug: duration=0 rows=0 SELECT LmAdminGroup.id AS `g_CJoin__id`, LmAdminGroup.admin_id AS `g_CJoin__admin_id`, LmAdminGroup.group_id AS `g_CJoin__group_id`, g.id AS `g__id`, g.name AS `g__name`, g.remark AS `g__remark`, g.ctime AS `g__ctime`, g.utime AS `g__utime` FROM lm_group g INNER JOIN lm_admin_group LmAdminGroup ON g.id = (LmAdminGroup.group_id) WHERE LmAdminGroup.admin_id in (:c0)
2016-10-18 14:31:10 Debug: duration=0 rows=1 SELECT g.id AS `g__id`, g.name AS `g__name` FROM lm_group g LIMIT 200
2016-10-18 14:31:15 Debug: duration=0 rows=0 BEGIN
2016-10-18 14:31:15 Debug: duration=3 rows=12 SHOW FULL COLUMNS FROM `lm_actionlog`
2016-10-18 14:31:15 Debug: duration=0 rows=1 SHOW INDEXES FROM `lm_actionlog`
2016-10-18 14:31:15 Debug: duration=5 rows=0 SELECT * FROM information_schema.key_column_usage AS kcu
            INNER JOIN information_schema.referential_constraints AS rc
            ON (
                kcu.CONSTRAINT_NAME = rc.CONSTRAINT_NAME
                AND kcu.CONSTRAINT_SCHEMA = rc.CONSTRAINT_SCHEMA
            )
            WHERE kcu.TABLE_SCHEMA = 'meiyue' AND kcu.TABLE_NAME = 'lm_actionlog' AND rc.TABLE_NAME = 'lm_actionlog'
2016-10-18 14:31:15 Debug: duration=1 rows=1 SHOW TABLE STATUS WHERE Name = 'lm_actionlog'
2016-10-18 14:31:15 Debug: duration=10 rows=1 INSERT INTO lm_actionlog (url, type, useragent, ip, filename, msg, controller, action, param, user, create_time) VALUES ('admin/edit/1', 'PUT', 'Mozilla/5.0 (Windows NT 6.3; rv:36.0) Gecko/20100101 Firefox/36.04', '127.0.0.1', 'F:\www\meiyue\plugins\Wpadmin\src\Controller\Component\UtilComponent.php', '修改', 'admin', 'edit', 'array (
  'username' => 'admin',
  'enabled' => '1',
  'g' => 
  array (
    '_ids' => 
    array (
      0 => '1',
    ),
  ),
)', 'admin', '2016-10-18 14:31:15')
2016-10-18 14:31:15 Debug: duration=0 rows=0 COMMIT
2016-10-18 14:31:15 Debug: duration=0 rows=1 SELECT Admin.id AS `Admin__id`, Admin.username AS `Admin__username`, Admin.password AS `Admin__password`, Admin.enabled AS `Admin__enabled`, Admin.ctime AS `Admin__ctime`, Admin.utime AS `Admin__utime`, Admin.login_time AS `Admin__login_time`, Admin.login_ip AS `Admin__login_ip` FROM lm_admin Admin WHERE Admin.id = 1 LIMIT 1
2016-10-18 14:31:15 Debug: duration=0 rows=0 SELECT LmAdminGroup.id AS `g_CJoin__id`, LmAdminGroup.admin_id AS `g_CJoin__admin_id`, LmAdminGroup.group_id AS `g_CJoin__group_id`, g.id AS `g__id`, g.name AS `g__name`, g.remark AS `g__remark`, g.ctime AS `g__ctime`, g.utime AS `g__utime` FROM lm_group g INNER JOIN lm_admin_group LmAdminGroup ON g.id = (LmAdminGroup.group_id) WHERE LmAdminGroup.admin_id in (:c0)
2016-10-18 14:31:16 Debug: duration=0 rows=0 SELECT 1 AS `existing` FROM lm_admin Admin WHERE (Admin.username = 'admin' AND NOT (Admin.id = 1)) LIMIT 1
2016-10-18 14:31:16 Debug: duration=0 rows=1 SELECT g.id AS `g__id`, g.name AS `g__name`, g.remark AS `g__remark`, g.ctime AS `g__ctime`, g.utime AS `g__utime` FROM lm_group g WHERE g.id in (:c0)
2016-10-18 14:31:16 Debug: duration=0 rows=0 BEGIN
2016-10-18 14:31:16 Debug: duration=33 rows=1 UPDATE lm_admin SET utime = '2016-10-18 14:31:16' WHERE id = 1
2016-10-18 14:31:16 Debug: duration=0 rows=0 SELECT LmAdminGroup.id AS `LmAdminGroup__id`, LmAdminGroup.admin_id AS `LmAdminGroup__admin_id`, LmAdminGroup.group_id AS `LmAdminGroup__group_id` FROM lm_admin_group LmAdminGroup WHERE (admin_id = 1 AND group_id = 1)
2016-10-18 14:31:16 Debug: duration=0 rows=0 SELECT LmAdminGroup.id AS `LmAdminGroup__id`, LmAdminGroup.admin_id AS `LmAdminGroup__admin_id`, LmAdminGroup.group_id AS `LmAdminGroup__group_id` FROM lm_admin_group LmAdminGroup WHERE LmAdminGroup.admin_id = 1
2016-10-18 14:31:16 Debug: duration=4 rows=1 INSERT INTO lm_admin_group (admin_id, group_id) VALUES (1, 1)
2016-10-18 14:31:16 Debug: duration=0 rows=0 COMMIT
2016-10-18 14:31:43 Debug: duration=1 rows=1 SELECT (COUNT(*)) AS `count` FROM lm_menu Menu
2016-10-18 14:31:43 Debug: duration=0 rows=5 SELECT Menu.id AS `Menu__id`, Menu.name AS `Menu__name`, Menu.node AS `Menu__node`, Menu.pid AS `Menu__pid`, Menu.class AS `Menu__class`, Menu.rank AS `Menu__rank`, Menu.is_menu AS `Menu__is_menu`, Menu.status AS `Menu__status`, Menu.remark AS `Menu__remark` FROM lm_menu Menu ORDER BY id desc LIMIT 30 OFFSET 0
2016-10-18 14:31:46 Debug: duration=1 rows=1 SELECT (COUNT(*)) AS `count` FROM lm_admin Admin
2016-10-18 14:31:46 Debug: duration=0 rows=1 SELECT Admin.id AS `Admin__id`, Admin.username AS `Admin__username`, Admin.password AS `Admin__password`, Admin.enabled AS `Admin__enabled`, Admin.ctime AS `Admin__ctime`, Admin.utime AS `Admin__utime`, Admin.login_time AS `Admin__login_time`, Admin.login_ip AS `Admin__login_ip` FROM lm_admin Admin ORDER BY id desc LIMIT 10 OFFSET 0
2016-10-18 14:31:46 Debug: duration=0 rows=1 SELECT LmAdminGroup.id AS `g_CJoin__id`, LmAdminGroup.admin_id AS `g_CJoin__admin_id`, LmAdminGroup.group_id AS `g_CJoin__group_id`, g.id AS `g__id`, g.name AS `g__name`, g.remark AS `g__remark`, g.ctime AS `g__ctime`, g.utime AS `g__utime` FROM lm_group g INNER JOIN lm_admin_group LmAdminGroup ON g.id = (LmAdminGroup.group_id) WHERE LmAdminGroup.admin_id in (:c0)
2016-10-18 14:31:48 Debug: duration=1 rows=1 SELECT Admin.id AS `Admin__id`, Admin.username AS `Admin__username`, Admin.password AS `Admin__password`, Admin.enabled AS `Admin__enabled`, Admin.ctime AS `Admin__ctime`, Admin.utime AS `Admin__utime`, Admin.login_time AS `Admin__login_time`, Admin.login_ip AS `Admin__login_ip` FROM lm_admin Admin WHERE Admin.id = 1 LIMIT 1
2016-10-18 14:31:48 Debug: duration=0 rows=1 SELECT LmAdminGroup.id AS `g_CJoin__id`, LmAdminGroup.admin_id AS `g_CJoin__admin_id`, LmAdminGroup.group_id AS `g_CJoin__group_id`, g.id AS `g__id`, g.name AS `g__name`, g.remark AS `g__remark`, g.ctime AS `g__ctime`, g.utime AS `g__utime` FROM lm_group g INNER JOIN lm_admin_group LmAdminGroup ON g.id = (LmAdminGroup.group_id) WHERE LmAdminGroup.admin_id in (:c0)
2016-10-18 14:31:48 Debug: duration=4 rows=3 SHOW FULL COLUMNS FROM `lm_group_menu`
2016-10-18 14:31:48 Debug: duration=0 rows=3 SHOW INDEXES FROM `lm_group_menu`
2016-10-18 14:31:48 Debug: duration=5 rows=0 SELECT * FROM information_schema.key_column_usage AS kcu
            INNER JOIN information_schema.referential_constraints AS rc
            ON (
                kcu.CONSTRAINT_NAME = rc.CONSTRAINT_NAME
                AND kcu.CONSTRAINT_SCHEMA = rc.CONSTRAINT_SCHEMA
            )
            WHERE kcu.TABLE_SCHEMA = 'meiyue' AND kcu.TABLE_NAME = 'lm_group_menu' AND rc.TABLE_NAME = 'lm_group_menu'
2016-10-18 14:31:48 Debug: duration=1 rows=1 SHOW TABLE STATUS WHERE Name = 'lm_group_menu'
2016-10-18 14:31:48 Debug: duration=0 rows=0 SELECT LmGroupMenu.id AS `menu_CJoin__id`, LmGroupMenu.group_id AS `menu_CJoin__group_id`, LmGroupMenu.menu_id AS `menu_CJoin__menu_id`, menu.id AS `menu__id`, menu.name AS `menu__name`, menu.node AS `menu__node`, menu.pid AS `menu__pid`, menu.class AS `menu__class`, menu.rank AS `menu__rank`, menu.is_menu AS `menu__is_menu`, menu.status AS `menu__status`, menu.remark AS `menu__remark` FROM lm_menu menu INNER JOIN lm_group_menu LmGroupMenu ON menu.id = (LmGroupMenu.menu_id) WHERE LmGroupMenu.group_id in (:c0)
2016-10-18 14:31:48 Debug: duration=0 rows=1 SELECT g.id AS `g__id`, g.name AS `g__name` FROM lm_group g LIMIT 200
2016-10-18 14:31:54 Debug: duration=1 rows=1 SELECT (COUNT(*)) AS `count` FROM lm_menu Menu
2016-10-18 14:31:54 Debug: duration=0 rows=5 SELECT Menu.id AS `Menu__id`, Menu.name AS `Menu__name`, Menu.node AS `Menu__node`, Menu.pid AS `Menu__pid`, Menu.class AS `Menu__class`, Menu.rank AS `Menu__rank`, Menu.is_menu AS `Menu__is_menu`, Menu.status AS `Menu__status`, Menu.remark AS `Menu__remark` FROM lm_menu Menu ORDER BY id desc LIMIT 30 OFFSET 0
2016-10-18 14:31:58 Debug: duration=1 rows=1 SELECT (COUNT(*)) AS `count` FROM lm_admin Admin
2016-10-18 14:31:58 Debug: duration=0 rows=1 SELECT Admin.id AS `Admin__id`, Admin.username AS `Admin__username`, Admin.password AS `Admin__password`, Admin.enabled AS `Admin__enabled`, Admin.ctime AS `Admin__ctime`, Admin.utime AS `Admin__utime`, Admin.login_time AS `Admin__login_time`, Admin.login_ip AS `Admin__login_ip` FROM lm_admin Admin ORDER BY id desc LIMIT 10 OFFSET 0
2016-10-18 14:31:58 Debug: duration=0 rows=1 SELECT LmAdminGroup.id AS `g_CJoin__id`, LmAdminGroup.admin_id AS `g_CJoin__admin_id`, LmAdminGroup.group_id AS `g_CJoin__group_id`, g.id AS `g__id`, g.name AS `g__name`, g.remark AS `g__remark`, g.ctime AS `g__ctime`, g.utime AS `g__utime` FROM lm_group g INNER JOIN lm_admin_group LmAdminGroup ON g.id = (LmAdminGroup.group_id) WHERE LmAdminGroup.admin_id in (:c0)
2016-10-18 14:32:14 Debug: duration=1 rows=1 SELECT (COUNT(*)) AS `count` FROM lm_admin Admin
2016-10-18 14:32:14 Debug: duration=0 rows=1 SELECT Admin.id AS `Admin__id`, Admin.username AS `Admin__username`, Admin.password AS `Admin__password`, Admin.enabled AS `Admin__enabled`, Admin.ctime AS `Admin__ctime`, Admin.utime AS `Admin__utime`, Admin.login_time AS `Admin__login_time`, Admin.login_ip AS `Admin__login_ip` FROM lm_admin Admin ORDER BY id desc LIMIT 10 OFFSET 0
2016-10-18 14:32:14 Debug: duration=0 rows=1 SELECT LmAdminGroup.id AS `g_CJoin__id`, LmAdminGroup.admin_id AS `g_CJoin__admin_id`, LmAdminGroup.group_id AS `g_CJoin__group_id`, g.id AS `g__id`, g.name AS `g__name`, g.remark AS `g__remark`, g.ctime AS `g__ctime`, g.utime AS `g__utime` FROM lm_group g INNER JOIN lm_admin_group LmAdminGroup ON g.id = (LmAdminGroup.group_id) WHERE LmAdminGroup.admin_id in (:c0)
2016-10-18 14:49:39 Debug: duration=4 rows=22 SHOW FULL COLUMNS FROM `lm_user`
2016-10-18 14:49:39 Debug: duration=1 rows=1 SHOW INDEXES FROM `lm_user`
2016-10-18 14:49:39 Debug: duration=5 rows=0 SELECT * FROM information_schema.key_column_usage AS kcu
            INNER JOIN information_schema.referential_constraints AS rc
            ON (
                kcu.CONSTRAINT_NAME = rc.CONSTRAINT_NAME
                AND kcu.CONSTRAINT_SCHEMA = rc.CONSTRAINT_SCHEMA
            )
            WHERE kcu.TABLE_SCHEMA = 'meiyue' AND kcu.TABLE_NAME = 'lm_user' AND rc.TABLE_NAME = 'lm_user'
2016-10-18 14:49:39 Debug: duration=1 rows=1 SHOW TABLE STATUS WHERE Name = 'lm_user'
2016-10-18 14:49:39 Debug: duration=0 rows=1 SELECT (COUNT(*)) AS `count` FROM lm_user User
2016-10-18 14:49:39 Debug: duration=0 rows=1 SELECT User.id AS `User__id`, User.phone AS `User__phone`, User.pwd AS `User__pwd`, User.user_token AS `User__user_token`, User.union_id AS `User__union_id`, User.wx_openid AS `User__wx_openid`, User.app_wx_openid AS `User__app_wx_openid`, User.truename AS `User__truename`, User.level AS `User__level`, User.position AS `User__position`, User.email AS `User__email`, User.gender AS `User__gender`, User.city AS `User__city`, User.avatar AS `User__avatar`, User.money AS `User__money`, User.status AS `User__status`, User.enabled AS `User__enabled`, User.is_del AS `User__is_del`, User.device AS `User__device`, User.create_time AS `User__create_time`, User.update_time AS `User__update_time`, User.guid AS `User__guid` FROM lm_user User ORDER BY User.id desc LIMIT 30 OFFSET 0
2016-10-18 14:54:05 Debug: duration=5 rows=22 SHOW FULL COLUMNS FROM `lm_user`
2016-10-18 14:54:05 Debug: duration=1 rows=1 SHOW INDEXES FROM `lm_user`
2016-10-18 14:54:05 Debug: duration=5 rows=0 SELECT * FROM information_schema.key_column_usage AS kcu
            INNER JOIN information_schema.referential_constraints AS rc
            ON (
                kcu.CONSTRAINT_NAME = rc.CONSTRAINT_NAME
                AND kcu.CONSTRAINT_SCHEMA = rc.CONSTRAINT_SCHEMA
            )
            WHERE kcu.TABLE_SCHEMA = 'meiyue' AND kcu.TABLE_NAME = 'lm_user' AND rc.TABLE_NAME = 'lm_user'
2016-10-18 14:54:05 Debug: duration=1 rows=1 SHOW TABLE STATUS WHERE Name = 'lm_user'
2016-10-18 14:56:09 Debug: duration=4 rows=22 SHOW FULL COLUMNS FROM `lm_user`
2016-10-18 14:56:09 Debug: duration=0 rows=1 SHOW INDEXES FROM `lm_user`
2016-10-18 14:56:09 Debug: duration=5 rows=0 SELECT * FROM information_schema.key_column_usage AS kcu
            INNER JOIN information_schema.referential_constraints AS rc
            ON (
                kcu.CONSTRAINT_NAME = rc.CONSTRAINT_NAME
                AND kcu.CONSTRAINT_SCHEMA = rc.CONSTRAINT_SCHEMA
            )
            WHERE kcu.TABLE_SCHEMA = 'meiyue' AND kcu.TABLE_NAME = 'lm_user' AND rc.TABLE_NAME = 'lm_user'
2016-10-18 14:56:09 Debug: duration=0 rows=1 SHOW TABLE STATUS WHERE Name = 'lm_user'
2016-10-18 15:41:33 Debug: duration=6 rows=8 SHOW FULL COLUMNS FROM `lm_admin`
2016-10-18 15:41:33 Debug: duration=1 rows=2 SHOW INDEXES FROM `lm_admin`
2016-10-18 15:41:33 Debug: duration=7 rows=0 SELECT * FROM information_schema.key_column_usage AS kcu
            INNER JOIN information_schema.referential_constraints AS rc
            ON (
                kcu.CONSTRAINT_NAME = rc.CONSTRAINT_NAME
                AND kcu.CONSTRAINT_SCHEMA = rc.CONSTRAINT_SCHEMA
            )
            WHERE kcu.TABLE_SCHEMA = 'meiyue' AND kcu.TABLE_NAME = 'lm_admin' AND rc.TABLE_NAME = 'lm_admin'
2016-10-18 15:41:33 Debug: duration=1 rows=1 SHOW TABLE STATUS WHERE Name = 'lm_admin'
2016-10-18 15:41:33 Debug: duration=4 rows=5 SHOW FULL COLUMNS FROM `lm_group`
2016-10-18 15:41:33 Debug: duration=0 rows=2 SHOW INDEXES FROM `lm_group`
2016-10-18 15:41:33 Debug: duration=5 rows=0 SELECT * FROM information_schema.key_column_usage AS kcu
            INNER JOIN information_schema.referential_constraints AS rc
            ON (
                kcu.CONSTRAINT_NAME = rc.CONSTRAINT_NAME
                AND kcu.CONSTRAINT_SCHEMA = rc.CONSTRAINT_SCHEMA
            )
            WHERE kcu.TABLE_SCHEMA = 'meiyue' AND kcu.TABLE_NAME = 'lm_group' AND rc.TABLE_NAME = 'lm_group'
2016-10-18 15:41:33 Debug: duration=1 rows=1 SHOW TABLE STATUS WHERE Name = 'lm_group'
2016-10-18 15:41:33 Debug: duration=4 rows=9 SHOW FULL COLUMNS FROM `lm_menu`
2016-10-18 15:41:33 Debug: duration=0 rows=1 SHOW INDEXES FROM `lm_menu`
2016-10-18 15:41:33 Debug: duration=4 rows=0 SELECT * FROM information_schema.key_column_usage AS kcu
            INNER JOIN information_schema.referential_constraints AS rc
            ON (
                kcu.CONSTRAINT_NAME = rc.CONSTRAINT_NAME
                AND kcu.CONSTRAINT_SCHEMA = rc.CONSTRAINT_SCHEMA
            )
            WHERE kcu.TABLE_SCHEMA = 'meiyue' AND kcu.TABLE_NAME = 'lm_menu' AND rc.TABLE_NAME = 'lm_menu'
2016-10-18 15:41:33 Debug: duration=1 rows=1 SHOW TABLE STATUS WHERE Name = 'lm_menu'
2016-10-18 15:41:33 Debug: duration=1 rows=1 SELECT Admin.id AS `Admin__id`, Admin.username AS `Admin__username`, Admin.password AS `Admin__password`, Admin.enabled AS `Admin__enabled`, Admin.ctime AS `Admin__ctime`, Admin.utime AS `Admin__utime`, Admin.login_time AS `Admin__login_time`, Admin.login_ip AS `Admin__login_ip` FROM lm_admin Admin WHERE enabled = 1 and username = 'admin' LIMIT 1
2016-10-18 15:41:33 Debug: duration=4 rows=3 SHOW FULL COLUMNS FROM `lm_admin_group`
2016-10-18 15:41:33 Debug: duration=0 rows=3 SHOW INDEXES FROM `lm_admin_group`
2016-10-18 15:41:33 Debug: duration=5 rows=0 SELECT * FROM information_schema.key_column_usage AS kcu
            INNER JOIN information_schema.referential_constraints AS rc
            ON (
                kcu.CONSTRAINT_NAME = rc.CONSTRAINT_NAME
                AND kcu.CONSTRAINT_SCHEMA = rc.CONSTRAINT_SCHEMA
            )
            WHERE kcu.TABLE_SCHEMA = 'meiyue' AND kcu.TABLE_NAME = 'lm_admin_group' AND rc.TABLE_NAME = 'lm_admin_group'
2016-10-18 15:41:33 Debug: duration=1 rows=1 SHOW TABLE STATUS WHERE Name = 'lm_admin_group'
2016-10-18 15:41:33 Debug: duration=0 rows=1 SELECT LmAdminGroup.id AS `g_CJoin__id`, LmAdminGroup.admin_id AS `g_CJoin__admin_id`, LmAdminGroup.group_id AS `g_CJoin__group_id`, g.id AS `g__id`, g.name AS `g__name`, g.remark AS `g__remark`, g.ctime AS `g__ctime`, g.utime AS `g__utime` FROM lm_group g INNER JOIN lm_admin_group LmAdminGroup ON g.id = (LmAdminGroup.group_id) WHERE LmAdminGroup.admin_id in (:c0)
2016-10-18 15:41:33 Debug: duration=4 rows=3 SHOW FULL COLUMNS FROM `lm_group_menu`
2016-10-18 15:41:33 Debug: duration=1 rows=3 SHOW INDEXES FROM `lm_group_menu`
2016-10-18 15:41:33 Debug: duration=4 rows=0 SELECT * FROM information_schema.key_column_usage AS kcu
            INNER JOIN information_schema.referential_constraints AS rc
            ON (
                kcu.CONSTRAINT_NAME = rc.CONSTRAINT_NAME
                AND kcu.CONSTRAINT_SCHEMA = rc.CONSTRAINT_SCHEMA
            )
            WHERE kcu.TABLE_SCHEMA = 'meiyue' AND kcu.TABLE_NAME = 'lm_group_menu' AND rc.TABLE_NAME = 'lm_group_menu'
2016-10-18 15:41:33 Debug: duration=1 rows=1 SHOW TABLE STATUS WHERE Name = 'lm_group_menu'
2016-10-18 15:41:33 Debug: duration=0 rows=0 SELECT LmGroupMenu.id AS `menu_CJoin__id`, LmGroupMenu.group_id AS `menu_CJoin__group_id`, LmGroupMenu.menu_id AS `menu_CJoin__menu_id`, menu.id AS `menu__id`, menu.name AS `menu__name`, menu.node AS `menu__node`, menu.pid AS `menu__pid`, menu.class AS `menu__class`, menu.rank AS `menu__rank`, menu.is_menu AS `menu__is_menu`, menu.status AS `menu__status`, menu.remark AS `menu__remark` FROM lm_menu menu INNER JOIN lm_group_menu LmGroupMenu ON menu.id = (LmGroupMenu.menu_id) WHERE LmGroupMenu.group_id in (:c0)
2016-10-18 15:41:33 Debug: duration=0 rows=0 BEGIN
2016-10-18 15:41:33 Debug: duration=5 rows=1 UPDATE lm_admin SET utime = '2016-10-18 15:41:33' , login_time = '2016-10-18 15:41:33' , login_ip = '127.0.0.1' WHERE id = 1
2016-10-18 15:41:33 Debug: duration=0 rows=0 COMMIT
2016-10-18 15:41:33 Debug: duration=0 rows=0 BEGIN
2016-10-18 15:41:33 Debug: duration=4 rows=12 SHOW FULL COLUMNS FROM `lm_actionlog`
2016-10-18 15:41:33 Debug: duration=0 rows=1 SHOW INDEXES FROM `lm_actionlog`
2016-10-18 15:41:33 Debug: duration=5 rows=0 SELECT * FROM information_schema.key_column_usage AS kcu
            INNER JOIN information_schema.referential_constraints AS rc
            ON (
                kcu.CONSTRAINT_NAME = rc.CONSTRAINT_NAME
                AND kcu.CONSTRAINT_SCHEMA = rc.CONSTRAINT_SCHEMA
            )
            WHERE kcu.TABLE_SCHEMA = 'meiyue' AND kcu.TABLE_NAME = 'lm_actionlog' AND rc.TABLE_NAME = 'lm_actionlog'
2016-10-18 15:41:33 Debug: duration=1 rows=1 SHOW TABLE STATUS WHERE Name = 'lm_actionlog'
2016-10-18 15:41:33 Debug: duration=16 rows=1 INSERT INTO lm_actionlog (url, type, useragent, ip, filename, msg, controller, action, param, user, create_time) VALUES ('admin/login', 'POST', 'Mozilla/5.0 (Windows NT 6.3; rv:36.0) Gecko/20100101 Firefox/36.04', '127.0.0.1', 'F:\www\meiyue\plugins\Wpadmin\src\Controller\Component\UtilComponent.php', '登录系统', 'admin', 'login', '', 'admin', '2016-10-18 15:41:33')
2016-10-18 15:41:33 Debug: duration=0 rows=0 COMMIT
2016-10-18 15:41:34 Debug: duration=1 rows=5 SELECT Menu.id AS `Menu__id`, Menu.name AS `Menu__name`, Menu.node AS `Menu__node`, Menu.pid AS `Menu__pid`, Menu.class AS `Menu__class`, Menu.rank AS `Menu__rank`, Menu.is_menu AS `Menu__is_menu`, Menu.status AS `Menu__status`, Menu.remark AS `Menu__remark` FROM lm_menu Menu WHERE status = 1 ORDER BY rank DESC
2016-10-18 15:41:39 Debug: duration=1 rows=1 SELECT (COUNT(*)) AS `count` FROM lm_group g
2016-10-18 15:41:39 Debug: duration=0 rows=1 SELECT g.id AS `g__id`, g.name AS `g__name`, g.remark AS `g__remark`, g.ctime AS `g__ctime`, g.utime AS `g__utime` FROM lm_group g ORDER BY id desc LIMIT 10 OFFSET 0
2016-10-18 15:41:39 Debug: duration=0 rows=0 SELECT LmGroupMenu.id AS `menu_CJoin__id`, LmGroupMenu.group_id AS `menu_CJoin__group_id`, LmGroupMenu.menu_id AS `menu_CJoin__menu_id`, menu.id AS `menu__id`, menu.name AS `menu__name`, menu.node AS `menu__node`, menu.pid AS `menu__pid`, menu.class AS `menu__class`, menu.rank AS `menu__rank`, menu.is_menu AS `menu__is_menu`, menu.status AS `menu__status`, menu.remark AS `menu__remark` FROM lm_menu menu INNER JOIN lm_group_menu LmGroupMenu ON menu.id = (LmGroupMenu.menu_id) WHERE LmGroupMenu.group_id in (:c0)
2016-10-18 15:41:42 Debug: duration=5 rows=22 SHOW FULL COLUMNS FROM `lm_user`
2016-10-18 15:41:42 Debug: duration=1 rows=1 SHOW INDEXES FROM `lm_user`
2016-10-18 15:41:42 Debug: duration=5 rows=0 SELECT * FROM information_schema.key_column_usage AS kcu
            INNER JOIN information_schema.referential_constraints AS rc
            ON (
                kcu.CONSTRAINT_NAME = rc.CONSTRAINT_NAME
                AND kcu.CONSTRAINT_SCHEMA = rc.CONSTRAINT_SCHEMA
            )
            WHERE kcu.TABLE_SCHEMA = 'meiyue' AND kcu.TABLE_NAME = 'lm_user' AND rc.TABLE_NAME = 'lm_user'
2016-10-18 15:41:42 Debug: duration=1 rows=1 SHOW TABLE STATUS WHERE Name = 'lm_user'
2016-10-18 15:41:42 Debug: duration=0 rows=1 SELECT (COUNT(*)) AS `count` FROM lm_user User
2016-10-18 15:41:42 Debug: duration=0 rows=1 SELECT User.id AS `User__id`, User.phone AS `User__phone`, User.pwd AS `User__pwd`, User.user_token AS `User__user_token`, User.union_id AS `User__union_id`, User.wx_openid AS `User__wx_openid`, User.app_wx_openid AS `User__app_wx_openid`, User.truename AS `User__truename`, User.level AS `User__level`, User.position AS `User__position`, User.email AS `User__email`, User.gender AS `User__gender`, User.city AS `User__city`, User.avatar AS `User__avatar`, User.money AS `User__money`, User.status AS `User__status`, User.enabled AS `User__enabled`, User.is_del AS `User__is_del`, User.device AS `User__device`, User.create_time AS `User__create_time`, User.update_time AS `User__update_time`, User.guid AS `User__guid` FROM lm_user User ORDER BY User.id desc LIMIT 30 OFFSET 0
2016-10-18 16:00:20 Debug: duration=26 rows=22 SHOW FULL COLUMNS FROM `lm_user`
2016-10-18 16:00:20 Debug: duration=0 rows=1 SHOW INDEXES FROM `lm_user`
2016-10-18 16:00:20 Debug: duration=5 rows=0 SELECT * FROM information_schema.key_column_usage AS kcu
            INNER JOIN information_schema.referential_constraints AS rc
            ON (
                kcu.CONSTRAINT_NAME = rc.CONSTRAINT_NAME
                AND kcu.CONSTRAINT_SCHEMA = rc.CONSTRAINT_SCHEMA
            )
            WHERE kcu.TABLE_SCHEMA = 'meiyue' AND kcu.TABLE_NAME = 'lm_user' AND rc.TABLE_NAME = 'lm_user'
2016-10-18 16:00:20 Debug: duration=17 rows=1 SHOW TABLE STATUS WHERE Name = 'lm_user'
2016-10-18 16:00:20 Debug: duration=0 rows=1 SELECT (COUNT(*)) AS `count` FROM lm_user User
2016-10-18 16:00:20 Debug: duration=0 rows=1 SELECT User.id AS `User__id`, User.phone AS `User__phone`, User.pwd AS `User__pwd`, User.user_token AS `User__user_token`, User.union_id AS `User__union_id`, User.wx_openid AS `User__wx_openid`, User.app_wx_openid AS `User__app_wx_openid`, User.truename AS `User__truename`, User.level AS `User__level`, User.position AS `User__position`, User.email AS `User__email`, User.gender AS `User__gender`, User.city AS `User__city`, User.avatar AS `User__avatar`, User.money AS `User__money`, User.status AS `User__status`, User.enabled AS `User__enabled`, User.is_del AS `User__is_del`, User.device AS `User__device`, User.create_time AS `User__create_time`, User.update_time AS `User__update_time`, User.guid AS `User__guid` FROM lm_user User ORDER BY User.id desc LIMIT 30 OFFSET 0
2016-10-18 16:00:29 Debug: duration=1 rows=1 SELECT User.id AS `User__id`, User.phone AS `User__phone`, User.pwd AS `User__pwd`, User.user_token AS `User__user_token`, User.union_id AS `User__union_id`, User.wx_openid AS `User__wx_openid`, User.app_wx_openid AS `User__app_wx_openid`, User.truename AS `User__truename`, User.level AS `User__level`, User.position AS `User__position`, User.email AS `User__email`, User.gender AS `User__gender`, User.city AS `User__city`, User.avatar AS `User__avatar`, User.money AS `User__money`, User.status AS `User__status`, User.enabled AS `User__enabled`, User.is_del AS `User__is_del`, User.device AS `User__device`, User.create_time AS `User__create_time`, User.update_time AS `User__update_time`, User.guid AS `User__guid` FROM lm_user User WHERE User.id = 1 LIMIT 1
2016-10-18 16:06:14 Debug: duration=4 rows=9 SHOW FULL COLUMNS FROM `lm_menu`
2016-10-18 16:06:14 Debug: duration=1 rows=1 SHOW INDEXES FROM `lm_menu`
2016-10-18 16:06:14 Debug: duration=5 rows=0 SELECT * FROM information_schema.key_column_usage AS kcu
            INNER JOIN information_schema.referential_constraints AS rc
            ON (
                kcu.CONSTRAINT_NAME = rc.CONSTRAINT_NAME
                AND kcu.CONSTRAINT_SCHEMA = rc.CONSTRAINT_SCHEMA
            )
            WHERE kcu.TABLE_SCHEMA = 'meiyue' AND kcu.TABLE_NAME = 'lm_menu' AND rc.TABLE_NAME = 'lm_menu'
2016-10-18 16:06:14 Debug: duration=1 rows=1 SHOW TABLE STATUS WHERE Name = 'lm_menu'
2016-10-18 16:06:14 Debug: duration=0 rows=1 SELECT (COUNT(*)) AS `count` FROM lm_menu Menu
2016-10-18 16:06:14 Debug: duration=0 rows=5 SELECT Menu.id AS `Menu__id`, Menu.name AS `Menu__name`, Menu.node AS `Menu__node`, Menu.pid AS `Menu__pid`, Menu.class AS `Menu__class`, Menu.rank AS `Menu__rank`, Menu.is_menu AS `Menu__is_menu`, Menu.status AS `Menu__status`, Menu.remark AS `Menu__remark` FROM lm_menu Menu ORDER BY id desc LIMIT 30 OFFSET 0
2016-10-18 16:06:17 Debug: duration=27 rows=22 SHOW FULL COLUMNS FROM `lm_user`
2016-10-18 16:06:17 Debug: duration=0 rows=1 SHOW INDEXES FROM `lm_user`
2016-10-18 16:06:17 Debug: duration=4 rows=0 SELECT * FROM information_schema.key_column_usage AS kcu
            INNER JOIN information_schema.referential_constraints AS rc
            ON (
                kcu.CONSTRAINT_NAME = rc.CONSTRAINT_NAME
                AND kcu.CONSTRAINT_SCHEMA = rc.CONSTRAINT_SCHEMA
            )
            WHERE kcu.TABLE_SCHEMA = 'meiyue' AND kcu.TABLE_NAME = 'lm_user' AND rc.TABLE_NAME = 'lm_user'
2016-10-18 16:06:17 Debug: duration=1 rows=1 SHOW TABLE STATUS WHERE Name = 'lm_user'
2016-10-18 16:06:17 Debug: duration=0 rows=1 SELECT (COUNT(*)) AS `count` FROM lm_user User
2016-10-18 16:06:17 Debug: duration=0 rows=1 SELECT User.id AS `User__id`, User.phone AS `User__phone`, User.pwd AS `User__pwd`, User.user_token AS `User__user_token`, User.union_id AS `User__union_id`, User.wx_openid AS `User__wx_openid`, User.app_wx_openid AS `User__app_wx_openid`, User.truename AS `User__truename`, User.level AS `User__level`, User.position AS `User__position`, User.email AS `User__email`, User.gender AS `User__gender`, User.city AS `User__city`, User.avatar AS `User__avatar`, User.money AS `User__money`, User.status AS `User__status`, User.enabled AS `User__enabled`, User.is_del AS `User__is_del`, User.device AS `User__device`, User.create_time AS `User__create_time`, User.update_time AS `User__update_time`, User.guid AS `User__guid` FROM lm_user User ORDER BY User.id desc LIMIT 30 OFFSET 0
